Log file open, 03/26/18 18:32:17
LogWindows: Failed to load 'aqProf.dll' (GetLastError=126)
LogWindows: File 'aqProf.dll' does not exist
LogWindows: Failed to load 'VtuneApi.dll' (GetLastError=126)
LogWindows: File 'VtuneApi.dll' does not exist
LogWindows: Failed to load 'VtuneApi32e.dll' (GetLastError=126)
LogWindows: File 'VtuneApi32e.dll' does not exist
LogInit: Display: Running engine for game: anubisProject
LogPlatformFile: Not using cached read wrapper
LogInit: Display: RandInit(1480492258) SRandInit(1480492258).
LogInit: Read version file with build ID '3944462'
LogInit: Overriding engine version to CL 3944462, compatible CL 3944462
LogInit: Registered custom module enumerator with build ID '3944462'
LogTaskGraph: Started task graph with 5 named threads and 14 total threads with 3 sets of task threads.
LogStats: Stats thread started at 0.182922
LogD3D11RHI: Aftermath initialized
LogICUInternationalization: Display: ICU TimeZone Detection - Raw Offset: -8:00, Platform Override: ''
LogModuleManager: Display: Found up-to-date module file ../../../Engine/Plugins/2D/Paper2D/Binaries/Win64/UE4Editor-Paper2D.dll (API version 3944462).
LogModuleManager: Display: Found up-to-date module file ../../../Engine/Plugins/2D/Paper2D/Binaries/Win64/UE4Editor-Paper2DEditor.dll (API version 3944462).
LogModuleManager: Display: Found up-to-date module file ../../../Engine/Plugins/2D/Paper2D/Binaries/Win64/UE4Editor-PaperSpriteSheetImporter.dll (API version 3944462).
LogModuleManager: Display: Found up-to-date module file ../../../Engine/Plugins/2D/Paper2D/Binaries/Win64/UE4Editor-PaperTiledImporter.dll (API version 3944462).
LogModuleManager: Display: Found up-to-date module file ../../../Engine/Plugins/2D/Paper2D/Binaries/Win64/UE4Editor-SmartSnapping.dll (API version 3944462).
LogModuleManager: Display: Found up-to-date module file ../../../Engine/Plugins/Blendables/LightPropagationVolume/Binaries/Win64/UE4Editor-LightPropagationVolumeRuntime.dll (API version 3944462).
LogModuleManager: Display: Found up-to-date module file ../../../Engine/Plugins/Blendables/LightPropagationVolume/Binaries/Win64/UE4Editor-LightPropagationVolumeEditor.dll (API version 3944462).
LogModuleManager: Display: Found up-to-date module file ../../../Engine/Plugins/Developer/CLionSourceCodeAccess/Binaries/Win64/UE4Editor-CLionSourceCodeAccess.dll (API version 3944462).
LogModuleManager: Display: Found up-to-date module file ../../../Engine/Plugins/Developer/GitSourceControl/Binaries/Win64/UE4Editor-GitSourceControl.dll (API version 3944462).
LogModuleManager: Display: Found up-to-date module file ../../../Engine/Plugins/Developer/PerforceSourceControl/Binaries/Win64/UE4Editor-PerforceSourceControl.dll (API version 3944462).
LogModuleManager: Display: Found up-to-date module file ../../../Engine/Plugins/Developer/SubversionSourceControl/Binaries/Win64/UE4Editor-SubversionSourceControl.dll (API version 3944462).
LogModuleManager: Display: Found up-to-date module file ../../../Engine/Plugins/Developer/UObjectPlugin/Binaries/Win64/UE4Editor-UObjectPlugin.dll (API version 3944462).
LogModuleManager: Display: Found up-to-date module file ../../../Engine/Plugins/Developer/VisualStudioCodeSourceCodeAccess/Binaries/Win64/UE4Editor-VisualStudioCodeSourceCodeAccess.dll (API version 3944462).
LogModuleManager: Display: Found up-to-date module file ../../../Engine/Plugins/Developer/VisualStudioSourceCodeAccess/Binaries/Win64/UE4Editor-VisualStudioSourceCodeAccess.dll (API version 3944462).
LogModuleManager: Display: Found up-to-date module file ../../../Engine/Plugins/Editor/AssetManagerEditor/Binaries/Win64/UE4Editor-AssetManagerEditor.dll (API version 3944462).
LogModuleManager: Display: Found up-to-date module file ../../../Engine/Plugins/Editor/CryptoKeys/Binaries/Win64/UE4Editor-CryptoKeys.dll (API version 3944462).
LogModuleManager: Display: Found up-to-date module file ../../../Engine/Plugins/Editor/CryptoKeys/Binaries/Win64/UE4Editor-CryptoKeysOpenSSL.dll (API version 3944462).
LogModuleManager: Display: Found up-to-date module file ../../../Engine/Plugins/Editor/DataValidation/Binaries/Win64/UE4Editor-DataValidation.dll (API version 3944462).
LogModuleManager: Display: Found up-to-date module file ../../../Engine/Plugins/Editor/FacialAnimation/Binaries/Win64/UE4Editor-FacialAnimation.dll (API version 3944462).
LogModuleManager: Display: Found up-to-date module file ../../../Engine/Plugins/Editor/FacialAnimation/Binaries/Win64/UE4Editor-FacialAnimationEditor.dll (API version 3944462).
LogModuleManager: Display: Found up-to-date module file ../../../Engine/Plugins/Editor/GameplayTagsEditor/Binaries/Win64/UE4Editor-GameplayTagsEditor.dll (API version 3944462).
LogModuleManager: Display: Found up-to-date module file ../../../Engine/Plugins/Editor/MobileLauncherProfileWizard/Binaries/Win64/UE4Editor-MobileLauncherProfileWizard.dll (API version 3944462).
LogModuleManager: Display: Found up-to-date module file ../../../Engine/Plugins/Editor/PluginBrowser/Binaries/Win64/UE4Editor-PluginBrowser.dll (API version 3944462).
LogModuleManager: Display: Found up-to-date module file ../../../Engine/Plugins/Editor/SpeedTreeImporter/Binaries/Win64/UE4Editor-SpeedTreeImporter.dll (API version 3944462).
LogModuleManager: Display: Found up-to-date module file ../../../Engine/Plugins/Enterprise/DatasmithContent/Binaries/Win64/UE4Editor-DatasmithContent.dll (API version 3944462).
LogModuleManager: Display: Found up-to-date module file ../../../Engine/Plugins/Experimental/AlembicImporter/Binaries/Win64/UE4Editor-AlembicImporter.dll (API version 3944462).
LogModuleManager: Display: Found up-to-date module file ../../../Engine/Plugins/Experimental/AlembicImporter/Binaries/Win64/UE4Editor-AlembicLibrary.dll (API version 3944462).
LogModuleManager: Display: Found up-to-date module file ../../../Engine/Plugins/Experimental/CharacterAI/Binaries/Win64/UE4Editor-CharacterAI.dll (API version 3944462).
LogModuleManager: Display: Found up-to-date module file ../../../Engine/Plugins/Experimental/HTML5Networking/Binaries/Win64/UE4Editor-HTML5Networking.dll (API version 3944462).
LogModuleManager: Display: Found up-to-date module file ../../../Engine/Plugins/Media/AndroidMedia/Binaries/Win64/UE4Editor-AndroidMediaEditor.dll (API version 3944462).
LogModuleManager: Display: Found up-to-date module file ../../../Engine/Plugins/Media/AndroidMedia/Binaries/Win64/UE4Editor-AndroidMediaFactory.dll (API version 3944462).
LogModuleManager: Display: Found up-to-date module file ../../../Engine/Plugins/Media/AvfMedia/Binaries/Win64/UE4Editor-AvfMediaEditor.dll (API version 3944462).
LogModuleManager: Display: Found up-to-date module file ../../../Engine/Plugins/Media/AvfMedia/Binaries/Win64/UE4Editor-AvfMediaFactory.dll (API version 3944462).
LogModuleManager: Display: Found up-to-date module file ../../../Engine/Plugins/Media/AvfMedia/Binaries/Win64/UE4Editor-AvfMediaFactory.dll (API version 3944462).
LogModuleManager: Display: Found up-to-date module file ../../../Engine/Plugins/Media/ImgMedia/Binaries/Win64/UE4Editor-ImgMedia.dll (API version 3944462).
LogModuleManager: Display: Found up-to-date module file ../../../Engine/Plugins/Media/ImgMedia/Binaries/Win64/UE4Editor-ImgMediaEditor.dll (API version 3944462).
LogModuleManager: Display: Found up-to-date module file ../../../Engine/Plugins/Media/ImgMedia/Binaries/Win64/UE4Editor-ImgMediaFactory.dll (API version 3944462).
LogModuleManager: Display: Found up-to-date module file ../../../Engine/Plugins/Media/ImgMedia/Binaries/Win64/UE4Editor-ImgMediaFactory.dll (API version 3944462).
LogModuleManager: Display: Found up-to-date module file ../../../Engine/Plugins/Media/ImgMedia/Binaries/Win64/UE4Editor-OpenExrWrapper.dll (API version 3944462).
LogModuleManager: Display: Found up-to-date module file ../../../Engine/Plugins/Media/LinearTimecode/Binaries/Win64/UE4Editor-LinearTimecode.dll (API version 3944462).
LogModuleManager: Display: Found up-to-date module file ../../../Engine/Plugins/Media/MediaCompositing/Binaries/Win64/UE4Editor-MediaCompositing.dll (API version 3944462).
LogModuleManager: Display: Found up-to-date module file ../../../Engine/Plugins/Media/MediaCompositing/Binaries/Win64/UE4Editor-MediaCompositingEditor.dll (API version 3944462).
LogModuleManager: Display: Found up-to-date module file ../../../Engine/Plugins/Media/MediaPlayerEditor/Binaries/Win64/UE4Editor-MediaPlayerEditor.dll (API version 3944462).
LogModuleManager: Display: Found up-to-date module file ../../../Engine/Plugins/Media/WmfMedia/Binaries/Win64/UE4Editor-WmfMedia.dll (API version 3944462).
LogModuleManager: Display: Found up-to-date module file ../../../Engine/Plugins/Media/WmfMedia/Binaries/Win64/UE4Editor-WmfMediaEditor.dll (API version 3944462).
LogModuleManager: Display: Found up-to-date module file ../../../Engine/Plugins/Media/WmfMedia/Binaries/Win64/UE4Editor-WmfMediaFactory.dll (API version 3944462).
LogModuleManager: Display: Found up-to-date module file ../../../Engine/Plugins/Media/WmfMedia/Binaries/Win64/UE4Editor-WmfMediaFactory.dll (API version 3944462).
LogModuleManager: Display: Found up-to-date module file ../../../Engine/Plugins/Messaging/TcpMessaging/Binaries/Win64/UE4Editor-TcpMessaging.dll (API version 3944462).
LogModuleManager: Display: Found up-to-date module file ../../../Engine/Plugins/Messaging/UdpMessaging/Binaries/Win64/UE4Editor-UdpMessaging.dll (API version 3944462).
LogModuleManager: Display: Found up-to-date module file ../../../Engine/Plugins/MovieScene/ActorSequence/Binaries/Win64/UE4Editor-ActorSequence.dll (API version 3944462).
LogModuleManager: Display: Found up-to-date module file ../../../Engine/Plugins/MovieScene/LevelSequenceEditor/Binaries/Win64/UE4Editor-LevelSequenceEditor.dll (API version 3944462).
LogModuleManager: Display: Found up-to-date module file ../../../Engine/Plugins/MovieScene/MatineeToLevelSequence/Binaries/Win64/UE4Editor-MatineeToLevelSequence.dll (API version 3944462).
LogModuleManager: Display: Found up-to-date module file ../../../Engine/Plugins/NetcodeUnitTest/NetcodeUnitTest/Binaries/Win64/UE4Editor-NetcodeUnitTest.dll (API version 3944462).
LogModuleManager: Display: Found up-to-date module file ../../../Engine/Plugins/NetcodeUnitTest/NUTUnrealEngine4/Binaries/Win64/UE4Editor-NUTUnrealEngine4.dll (API version 3944462).
LogModuleManager: Display: Found up-to-date module file ../../../Engine/Plugins/Online/OnlineSubsystem/Binaries/Win64/UE4Editor-OnlineSubsystem.dll (API version 3944462).
LogModuleManager: Display: Found up-to-date module file ../../../Engine/Plugins/Runtime/AndroidPermission/Binaries/Win64/UE4Editor-AndroidPermission.dll (API version 3944462).
LogModuleManager: Display: Found up-to-date module file ../../../Engine/Plugins/Online/OnlineSubsystemNull/Binaries/Win64/UE4Editor-OnlineSubsystemNull.dll (API version 3944462).
LogModuleManager: Display: Found up-to-date module file ../../../Engine/Plugins/Online/OnlineSubsystemUtils/Binaries/Win64/UE4Editor-OnlineSubsystemUtils.dll (API version 3944462).
LogModuleManager: Display: Found up-to-date module file ../../../Engine/Plugins/Online/OnlineSubsystemUtils/Binaries/Win64/UE4Editor-OnlineBlueprintSupport.dll (API version 3944462).
LogModuleManager: Display: Found up-to-date module file ../../../Engine/Plugins/Runtime/AndroidDeviceProfileSelector/Binaries/Win64/UE4Editor-AndroidDeviceProfileSelector.dll (API version 3944462).
LogModuleManager: Display: Found up-to-date module file ../../../Engine/Plugins/Runtime/AppleARKit/Binaries/Win64/UE4Editor-AppleARKit.dll (API version 3944462).
LogModuleManager: Display: Found up-to-date module file ../../../Engine/Plugins/Runtime/ProceduralMeshComponent/Binaries/Win64/UE4Editor-ProceduralMeshComponent.dll (API version 3944462).
LogModuleManager: Display: Found up-to-date module file ../../../Engine/Plugins/Runtime/ProceduralMeshComponent/Binaries/Win64/UE4Editor-ProceduralMeshComponentEditor.dll (API version 3944462).
LogModuleManager: Display: Found up-to-date module file ../../../Engine/Plugins/Animation/LiveLink/Binaries/Win64/UE4Editor-LiveLink.dll (API version 3944462).
LogModuleManager: Display: Found up-to-date module file ../../../Engine/Plugins/Animation/LiveLink/Binaries/Win64/UE4Editor-LiveLinkEditor.dll (API version 3944462).
LogModuleManager: Display: Found up-to-date module file ../../../Engine/Plugins/Runtime/ArchVisCharacter/Binaries/Win64/UE4Editor-ArchVisCharacter.dll (API version 3944462).
LogModuleManager: Display: Found up-to-date module file ../../../Engine/Plugins/Runtime/AudioCapture/Binaries/Win64/UE4Editor-AudioCapture.dll (API version 3944462).
LogModuleManager: Display: Found up-to-date module file ../../../Engine/Plugins/Runtime/AudioCapture/Binaries/Win64/UE4Editor-AudioCaptureEditor.dll (API version 3944462).
LogModuleManager: Display: Found up-to-date module file ../../../Engine/Plugins/Runtime/CableComponent/Binaries/Win64/UE4Editor-CableComponent.dll (API version 3944462).
LogModuleManager: Display: Found up-to-date module file ../../../Engine/Plugins/Runtime/CustomMeshComponent/Binaries/Win64/UE4Editor-CustomMeshComponent.dll (API version 3944462).
LogModuleManager: Display: Found up-to-date module file ../../../Engine/Plugins/Runtime/ExampleDeviceProfileSelector/Binaries/Win64/UE4Editor-ExampleDeviceProfileSelector.dll (API version 3944462).
LogModuleManager: Display: Found up-to-date module file ../../../Engine/Plugins/Runtime/ImmediatePhysics/Binaries/Win64/UE4Editor-ImmediatePhysics.dll (API version 3944462).
LogModuleManager: Display: Found up-to-date module file ../../../Engine/Plugins/Runtime/ImmediatePhysics/Binaries/Win64/UE4Editor-ImmediatePhysicsEditor.dll (API version 3944462).
LogModuleManager: Display: Found up-to-date module file ../../../Engine/Plugins/Runtime/LocationServicesBPLibrary/Binaries/Win64/UE4Editor-LocationServicesBPLibrary.dll (API version 3944462).
LogModuleManager: Display: Found up-to-date module file ../../../Engine/Plugins/Runtime/MobilePatchingUtils/Binaries/Win64/UE4Editor-MobilePatchingUtils.dll (API version 3944462).
LogModuleManager: Display: Found up-to-date module file ../../../Engine/Plugins/Runtime/Oculus/OculusVR/Binaries/Win64/UE4Editor-OculusHMD.dll (API version 3944462).
LogModuleManager: Display: Found up-to-date module file ../../../Engine/Plugins/Runtime/Oculus/OculusVR/Binaries/Win64/UE4Editor-OculusInput.dll (API version 3944462).
LogModuleManager: Display: Found up-to-date module file ../../../Engine/Plugins/Runtime/Oculus/OculusVR/Binaries/Win64/UE4Editor-OculusEditor.dll (API version 3944462).
LogModuleManager: Display: Found up-to-date module file ../../../Engine/Plugins/Runtime/PhysXVehicles/Binaries/Win64/UE4Editor-PhysXVehicles.dll (API version 3944462).
LogModuleManager: Display: Found up-to-date module file ../../../Engine/Plugins/Runtime/PhysXVehicles/Binaries/Win64/UE4Editor-PhysXVehiclesEditor.dll (API version 3944462).
LogModuleManager: Display: Found up-to-date module file ../../../Engine/Plugins/Runtime/RuntimePhysXCooking/Binaries/Win64/UE4Editor-RuntimePhysXCooking.dll (API version 3944462).
LogModuleManager: Display: Found up-to-date module file ../../../Engine/Plugins/Runtime/Steam/SteamVR/Binaries/Win64/UE4Editor-SteamVR.dll (API version 3944462).
LogModuleManager: Display: Found up-to-date module file ../../../Engine/Plugins/Runtime/Steam/SteamVR/Binaries/Win64/UE4Editor-SteamVRController.dll (API version 3944462).
LogModuleManager: Display: Found up-to-date module file ../../../Engine/Plugins/Runtime/WindowsMoviePlayer/Binaries/Win64/UE4Editor-WindowsMoviePlayer.dll (API version 3944462).
LogPluginManager: Mounting plugin Paper2D
LogPluginManager: Mounting plugin LiveLink
LogPluginManager: Mounting plugin LightPropagationVolume
LogPluginManager: Mounting plugin CLionSourceCodeAccess
LogPluginManager: Mounting plugin CodeLiteSourceCodeAccess
LogPluginManager: Mounting plugin GitSourceControl
LogPluginManager: Mounting plugin KDevelopSourceCodeAccess
LogPluginManager: Mounting plugin NullSourceCodeAccess
LogPluginManager: Mounting plugin PerforceSourceControl
LogPluginManager: Mounting plugin SubversionSourceControl
LogPluginManager: Mounting plugin UObjectPlugin
LogPluginManager: Mounting plugin VisualStudioCodeSourceCodeAccess
LogPluginManager: Mounting plugin VisualStudioSourceCodeAccess
LogPluginManager: Mounting plugin XCodeSourceCodeAccess
LogPluginManager: Mounting plugin AssetManagerEditor
LogPluginManager: Mounting plugin CryptoKeys
LogPluginManager: Mounting plugin DataValidation
LogPluginManager: Mounting plugin FacialAnimation
LogPluginManager: Mounting plugin GameplayTagsEditor
LogPluginManager: Mounting plugin MobileLauncherProfileWizard
LogPluginManager: Mounting plugin PluginBrowser
LogPluginManager: Mounting plugin SpeedTreeImporter
LogPluginManager: Mounting plugin DatasmithContent
LogPluginManager: Mounting plugin AlembicImporter
LogPluginManager: Mounting plugin CharacterAI
LogPluginManager: Mounting plugin HTML5Networking
LogPluginManager: Mounting plugin AndroidMedia
LogPluginManager: Mounting plugin AvfMedia
LogPluginManager: Mounting plugin ImgMedia
LogPluginManager: Mounting plugin LinearTimecode
LogPluginManager: Mounting plugin MediaCompositing
LogPluginManager: Mounting plugin MediaPlayerEditor
LogPluginManager: Mounting plugin WmfMedia
LogPluginManager: Mounting plugin TcpMessaging
LogPluginManager: Mounting plugin UdpMessaging
LogPluginManager: Mounting plugin ActorSequence
LogPluginManager: Mounting plugin LevelSequenceEditor
LogPluginManager: Mounting plugin MatineeToLevelSequence
LogPluginManager: Mounting plugin NetcodeUnitTest
LogPluginManager: Mounting plugin NUTUnrealEngine4
LogPluginManager: Mounting plugin OnlineSubsystemGooglePlay
LogPluginManager: Mounting plugin OnlineSubsystemIOS
LogPluginManager: Mounting plugin OnlineSubsystem
LogPluginManager: Mounting plugin OnlineSubsystemNull
LogPluginManager: Mounting plugin OnlineSubsystemUtils
LogPluginManager: Mounting plugin AndroidDeviceProfileSelector
LogPluginManager: Mounting plugin AndroidMoviePlayer
LogPluginManager: Mounting plugin AndroidPermission
LogPluginManager: Mounting plugin AppleARKit
LogPluginManager: Mounting plugin AppleMoviePlayer
LogPluginManager: Mounting plugin ArchVisCharacter
LogPluginManager: Mounting plugin AudioCapture
LogPluginManager: Mounting plugin CableComponent
LogPluginManager: Mounting plugin CustomMeshComponent
LogPluginManager: Mounting plugin ExampleDeviceProfileSelector
LogPluginManager: Mounting plugin GoogleCloudMessaging
LogPluginManager: Mounting plugin ImmediatePhysics
LogPluginManager: Mounting plugin IOSDeviceProfileSelector
LogPluginManager: Mounting plugin LinuxDeviceProfileSelector
LogPluginManager: Mounting plugin LocationServicesBPLibrary
LogPluginManager: Mounting plugin MobilePatchingUtils
LogPluginManager: Mounting plugin OculusVR
LogPluginManager: Plugin shader directory ../../../Engine/Plugins/Runtime/Oculus/OculusVR/Shaders found
LogPluginManager: Mapping shader source directory ../../../Engine/Plugins/Runtime/Oculus/OculusVR/Shaders to virtual directory /Plugin/OculusVR
LogPluginManager: Mounting plugin PhysXVehicles
LogPluginManager: Mounting plugin ProceduralMeshComponent
LogPluginManager: Mounting plugin RuntimePhysXCooking
LogPluginManager: Mounting plugin SteamVR
LogPluginManager: Mounting plugin WindowsMoviePlayer
LogStreaming: Display: Took  1.141s to configure plugins.
LogInit: Using libcurl 7.47.1
LogInit:  - built for x86_64-pc-win32
LogInit:  - supports SSL with OpenSSL/1.0.2g
LogInit:  - supports HTTP deflate (compression) using libz 1.2.8
LogInit:  - other features:
LogInit:      CURL_VERSION_SSL
LogInit:      CURL_VERSION_LIBZ
LogInit:      CURL_VERSION_IPV6
LogInit:      CURL_VERSION_ASYNCHDNS
LogInit:      CURL_VERSION_LARGEFILE
LogInit:      CURL_VERSION_IDN
LogInit:  CurlRequestOptions (configurable via config and command line):
LogInit:  - bVerifyPeer = false  - Libcurl will NOT verify peer certificate
LogInit:  - bUseHttpProxy = false  - Libcurl will NOT use HTTP proxy
LogInit:  - bDontReuseConnections = false  - Libcurl will reuse connections
LogInit:  - CertBundlePath = nullptr  - Libcurl will use whatever was configured at build time.
LogInit:  - MaxHostConnections = 16  - Libcurl will limit the number of connections to a host
LogInit:  - LocalHostAddr = Default
LogInit: WinSock: version 1.1 (2.2), MaxSocks=32767, MaxUdp=65467
LogInit: WinSock: I am Lykaios (192.168.1.70:0)
LogInit: Build: ++UE4+Release-4.19-CL-3944462
LogInit: Engine Version: 4.19.0-3944462+++UE4+Release-4.19
LogInit: Compatible Engine Version: 4.19.0-3944462+++UE4+Release-4.19
LogInit: Net CL: 3944462
LogDevObjectVersion: Number of dev versions registered: 18
LogDevObjectVersion:   Dev-Blueprints (B0D832E4-1F89-4F0D-ACCF-7EB736FD4AA2): 10
LogDevObjectVersion:   Dev-Build (E1C64328-A22C-4D53-A36C-8E866417BD8C): 0
LogDevObjectVersion:   Dev-Core (375EC13C-06E4-48FB-B500-84F0262A717E): 2
LogDevObjectVersion:   Dev-Editor (E4B068ED-F494-42E9-A231-DA0B2E46BB41): 23
LogDevObjectVersion:   Dev-Framework (CFFC743F-43B0-4480-9391-14DF171D2073): 33
LogDevObjectVersion:   Dev-Mobile (B02B49B5-BB20-44E9-A304-32B752E40360): 2
LogDevObjectVersion:   Dev-Networking (A4E4105C-59A1-49B5-A7C5-40C4547EDFEE): 0
LogDevObjectVersion:   Dev-Online (39C831C9-5AE6-47DC-9A44-9C173E1C8E7C): 0
LogDevObjectVersion:   Dev-Physics (78F01B33-EBEA-4F98-B9B4-84EACCB95AA2): 0
LogDevObjectVersion:   Dev-Platform (6631380F-2D4D-43E0-8009-CF276956A95A): 0
LogDevObjectVersion:   Dev-Rendering (12F88B9F-8875-4AFC-A67C-D90C383ABD29): 25
LogDevObjectVersion:   Dev-Sequencer (7B5AE74C-D270-4C10-A958-57980B212A5A): 6
LogDevObjectVersion:   Dev-VR (D7296918-1DD6-4BDD-9DE2-64A83CC13884): 1
LogDevObjectVersion:   Dev-LoadTimes (C2A15278-BFE7-4AFE-6C17-90FF531DF755): 1
LogDevObjectVersion:   Private-Geometry (6EACA3D4-40EC-4CC1-B786-8BED09428FC5): 2
LogDevObjectVersion:   Dev-AnimPhys (29E575DD-E0A3-4627-9D10-D276232CDCEA): 16
LogDevObjectVersion:   Dev-ReflectionCapture (6B266CEC-1EC7-4B8F-A30B-E4D90942FC07): 1
LogDevObjectVersion:   Dev-Automation (0DF73D61-A23F-47EA-B727-89E90C41499A): 1
LogInit: Compiled (64-bit): Mar 13 2018 23:12:32
LogInit: Compiled with Visual C++: 19.00.24215.01
LogInit: Build Configuration: Development
LogInit: Branch Name: ++UE4+Release-4.19
LogInit: Command Line:  
LogInit: Base Directory: C:/Program Files/Epic Games/UE_4.19/Engine/Binaries/Win64/
LogInit: Installed Engine Build: 1
LogStreaming: Display: Took  0.000s to delete old logs.
LogInit: Presizing for max 8388607 objects, including 0 objects not considered by GC, pre-allocating 0 bytes for permanent pool.
LogInit: Object subsystem initialized
[2018.03.27-01.32.19:439][  0]LogInit: Selected Device Profile: [Windows]
[2018.03.27-01.32.19:439][  0]LogInit: Applying CVar settings loaded from the selected device profile: [Windows]
[2018.03.27-01.32.19:483][  0]LogInit: Computer: LYKAIOS
[2018.03.27-01.32.19:483][  0]LogInit: User: Gavin
[2018.03.27-01.32.19:483][  0]LogInit: CPU Page size=4096, Cores=4
[2018.03.27-01.32.19:483][  0]LogInit: High frequency timer resolution =3.417982 MHz
[2018.03.27-01.32.19:484][  0]LogMemory: Memory total: Physical=16.0GB (16GB approx)
[2018.03.27-01.32.19:484][  0]LogMemory: Platform Memory Stats for Windows
[2018.03.27-01.32.19:484][  0]LogMemory: Process Physical Memory: 273.12 MB used, 273.12 MB peak
[2018.03.27-01.32.19:484][  0]LogMemory: Process Virtual Memory: 266.39 MB used, 266.39 MB peak
[2018.03.27-01.32.19:484][  0]LogMemory: Physical Memory: 9752.56 MB used,  6583.28 MB free, 16335.84 MB total
[2018.03.27-01.32.19:484][  0]LogMemory: Virtual Memory: 688.89 MB used,  6583.28 MB free, 134217728.00 MB total
[2018.03.27-01.32.19:507][  0]LogInit: Using OS detected language (en-US).
[2018.03.27-01.32.19:507][  0]LogInit: Using OS detected locale (en-US).
[2018.03.27-01.32.19:587][  0]LogTextLocalizationManager: No specific localization for 'en-US' exists, so the 'en' localization will be used.
[2018.03.27-01.32.20:095][  0]LogStreaming: Display: Took  0.588s to EndInitTextLocalization.
[2018.03.27-01.32.20:095][  0]LogInit: Setting process to per monitor DPI aware
[2018.03.27-01.32.20:207][  0]LogSlate: New Slate User Created.  User Index 0, Is Virtual User: 0
[2018.03.27-01.32.20:207][  0]LogSlate: Slate User Registered.  User Index 0, Is Virtual User: 0
[2018.03.27-01.32.22:595][  0]LogD3D11RHI: D3D11 adapters:
[2018.03.27-01.32.22:650][  0]LogD3D11RHI:    0. 'NVIDIA GeForce GTX 1060 6GB' (Feature Level 11_0)
[2018.03.27-01.32.22:650][  0]LogD3D11RHI:       6061/0/8167 MB DedicatedVideo/DedicatedSystem/SharedSystem, Outputs:1, VendorId:0x10de
[2018.03.27-01.32.22:651][  0]LogD3D11RHI:    1. 'Microsoft Basic Render Driver' (Feature Level 11_0)
[2018.03.27-01.32.22:651][  0]LogD3D11RHI:       0/0/8167 MB DedicatedVideo/DedicatedSystem/SharedSystem, Outputs:0, VendorId:0x1414
[2018.03.27-01.32.22:651][  0]LogD3D11RHI: Chosen D3D11 Adapter: 0
[2018.03.27-01.32.22:660][  0]LogD3D11RHI: Creating new Direct3DDevice
[2018.03.27-01.32.22:660][  0]LogD3D11RHI:     GPU DeviceId: 0x1c03 (for the marketing name, search the web for "GPU Device Id")
[2018.03.27-01.32.22:660][  0]LogWindows: EnumDisplayDevices:
[2018.03.27-01.32.22:661][  0]LogWindows:    0. 'NVIDIA GeForce GTX 1060 6GB' (P:1 D:1)
[2018.03.27-01.32.22:661][  0]LogWindows:    1. 'NVIDIA GeForce GTX 1060 6GB' (P:0 D:0)
[2018.03.27-01.32.22:661][  0]LogWindows:    2. 'NVIDIA GeForce GTX 1060 6GB' (P:0 D:0)
[2018.03.27-01.32.22:661][  0]LogWindows:    3. 'NVIDIA GeForce GTX 1060 6GB' (P:0 D:0)
[2018.03.27-01.32.22:661][  0]LogWindows: DebugString: GetVideoDriverDetailsInvalid PrimaryIsNotTheChoosenAdapter GetVideoDriverDetailsInvalid PrimaryIsNotTheChoosenAdapter GetVideoDriverDetailsInvalid PrimaryIsNotTheChoosenAdapter GetVideoDriverDetailsInvalid PrimaryIsNotTheChoosenAdapter FoundDriverCount:0 
[2018.03.27-01.32.22:661][  0]LogD3D11RHI:     Adapter Name: NVIDIA GeForce GTX 1060 6GB
[2018.03.27-01.32.22:661][  0]LogD3D11RHI:   Driver Version: Unknown (internal:Unknown, unified:Unknown)
[2018.03.27-01.32.22:661][  0]LogD3D11RHI:      Driver Date: Unknown
[2018.03.27-01.32.22:661][  0]LogRHI: Texture pool is 4242 MB (70% of 6061 MB)
[2018.03.27-01.32.22:696][  0]LogD3D11RHI: [Aftermath] Aftermath enabled but failed to initialize
[2018.03.27-01.32.22:696][  0]LogD3D11RHI: Async texture creation enabled
[2018.03.27-01.32.22:710][  0]LogD3D11RHI: GPU Timing Frequency: 1000.000000 (Debug: 2 1)
[2018.03.27-01.32.22:713][  0]LogShaderCompilers: Guid format shader working directory is -30 characters bigger than the processId version (../../../../../../Users/Gavin/Documents/Unreal Projects/anubisProject 4.19/Intermediate/Shaders/WorkingDirectory/133636/).
[2018.03.27-01.32.22:713][  0]LogShaderCompilers: Cleaned the shader compiler working directory 'C:/Users/Gavin/AppData/Local/Temp/UnrealShaderWorkingDir/2B0C0B564A6CB6560E2CAAB7B525A435/'.
[2018.03.27-01.32.23:115][  0]LogTemp: Display: Loaded TP AllDesktopTargetPlatform
[2018.03.27-01.32.23:128][  0]LogTemp: Display: Loaded TP MacClientTargetPlatform
[2018.03.27-01.32.23:141][  0]LogTemp: Display: Loaded TP MacNoEditorTargetPlatform
[2018.03.27-01.32.23:155][  0]LogTemp: Display: Loaded TP MacServerTargetPlatform
[2018.03.27-01.32.23:185][  0]LogTemp: Display: Loaded TP MacTargetPlatform
[2018.03.27-01.32.23:199][  0]LogTemp: Display: Loaded TP WindowsClientTargetPlatform
[2018.03.27-01.32.23:214][  0]LogTemp: Display: Loaded TP WindowsNoEditorTargetPlatform
[2018.03.27-01.32.23:228][  0]LogTemp: Display: Loaded TP WindowsServerTargetPlatform
[2018.03.27-01.32.23:235][  0]LogTemp: Display: Loaded TP WindowsTargetPlatform
[2018.03.27-01.32.23:247][  0]LogTemp: Display: Loaded TP Android_ASTCTargetPlatform
[2018.03.27-01.32.23:259][  0]LogTemp: Display: Loaded TP Android_ATCTargetPlatform
[2018.03.27-01.32.23:271][  0]LogTemp: Display: Loaded TP Android_DXTTargetPlatform
[2018.03.27-01.32.23:284][  0]LogTemp: Display: Loaded TP Android_ETC1aTargetPlatform
[2018.03.27-01.32.23:298][  0]LogTemp: Display: Loaded TP Android_ETC1TargetPlatform
[2018.03.27-01.32.23:310][  0]LogTemp: Display: Loaded TP Android_ETC2TargetPlatform
[2018.03.27-01.32.23:335][  0]LogTemp: Display: Loaded TP Android_MultiTargetPlatform
[2018.03.27-01.32.23:335][  0]LogTemp: Display: Loaded TP Android_PVRTCTargetPlatform
[2018.03.27-01.32.23:362][  0]LogTemp: Display: Loaded TP AndroidTargetPlatform
[2018.03.27-01.32.23:363][  0]LogTemp: Display: Loaded TP HTML5TargetPlatform
[2018.03.27-01.32.23:426][  0]LogTemp: Display: Loaded TP IOSTargetPlatform
[2018.03.27-01.32.23:437][  0]LogTemp: Display: Loaded TP TVOSTargetPlatform
[2018.03.27-01.32.23:449][  0]LogTemp: Display: Loaded TP LinuxClientTargetPlatform
[2018.03.27-01.32.23:462][  0]LogTemp: Display: Loaded TP LinuxNoEditorTargetPlatform
[2018.03.27-01.32.23:474][  0]LogTemp: Display: Loaded TP LinuxServerTargetPlatform
[2018.03.27-01.32.23:507][  0]LogTemp: Display: Loaded TP LinuxTargetPlatform
[2018.03.27-01.32.23:507][  0]LogTargetPlatformManager: Display: Building Assets For Windows
[2018.03.27-01.32.23:625][  0]LogXGEController: Cleaning working directory: C:/Users/Gavin/AppData/Local/Temp/UnrealXGEWorkingDir/
[2018.03.27-01.32.23:625][  0]LogXGEController: Cannot use XGE Controller as Incredibuild is not installed on this machine.
[2018.03.27-01.32.23:625][  0]LogShaderCompilers: Cannot use XGE Shader Compiler as Incredibuild is not installed on this machine.
[2018.03.27-01.32.23:625][  0]LogShaderCompilers: Display: Using Local Shader Compiler.
[2018.03.27-01.32.25:509][  0]LogDerivedDataCache: Display: Max Cache Size: 512 MB
[2018.03.27-01.32.25:794][  0]LogDerivedDataCache: Loaded boot cache 0.28s 74MB C:/Users/Gavin/AppData/Local/UnrealEngine/4.19/DerivedDataCache/Boot.ddc.
[2018.03.27-01.32.25:794][  0]LogDerivedDataCache: Display: Loaded Boot cache: C:/Users/Gavin/AppData/Local/UnrealEngine/4.19/DerivedDataCache/Boot.ddc
[2018.03.27-01.32.25:794][  0]LogDerivedDataCache: FDerivedDataBackendGraph:  Pak pak cache file ../../../../../../Users/Gavin/Documents/Unreal Projects/anubisProject 4.19/DerivedDataCache/DDC.ddp not found, will not use a pak cache.
[2018.03.27-01.32.25:794][  0]LogDerivedDataCache: Unable to find inner node Pak for hierarchical cache Hierarchy.
[2018.03.27-01.32.25:795][  0]LogDerivedDataCache: FDerivedDataBackendGraph:  CompressedPak pak cache file ../../../../../../Users/Gavin/Documents/Unreal Projects/anubisProject 4.19/DerivedDataCache/Compressed.ddp not found, will not use a pak cache.
[2018.03.27-01.32.25:795][  0]LogDerivedDataCache: Unable to find inner node CompressedPak for hierarchical cache Hierarchy.
[2018.03.27-01.32.25:811][  0]LogDerivedDataCache: Display: Pak cache opened for reading ../../../Engine/DerivedDataCache/Compressed.ddp.
[2018.03.27-01.32.25:824][  0]LogDerivedDataCache: Using Local data cache path C:/Users/Gavin/AppData/Local/UnrealEngine/Common/DerivedDataCache: Writable
[2018.03.27-01.32.25:835][  0]LogMaterial: Verifying Global Shaders for PCD3D_SM5
[2018.03.27-01.32.25:836][  0]LogSlate: Using Freetype 2.6.0
[2018.03.27-01.32.25:862][  0]LogSlate: SlateFontCache - WITH_FREETYPE: 1, WITH_HARFBUZZ: 1
[2018.03.27-01.32.25:863][  0]LogSlate: SlateFontCache - WITH_FREETYPE: 1, WITH_HARFBUZZ: 1
[2018.03.27-01.32.26:405][  0]LogAssetRegistry: FAssetRegistry took 0.0259 seconds to start up
[2018.03.27-01.32.26:811][  0]LogInit: Selected Device Profile: [Windows]
[2018.03.27-01.32.27:079][  0]LogSimplygon: Simplygon DLL not present - disabling.
[2018.03.27-01.32.27:083][  0]LogMeshReduction: Using SimplygonSwarm for distributed automatic mesh merging
[2018.03.27-01.32.27:083][  0]LogMeshReduction: Using QuadricMeshReduction for automatic static mesh reduction
[2018.03.27-01.32.27:083][  0]LogMeshReduction: No automatic skeletal mesh reduction module available
[2018.03.27-01.32.27:083][  0]LogMeshReduction: No automatic mesh merging module available
[2018.03.27-01.32.27:083][  0]LogMeshMerging: No automatic mesh merging module available
[2018.03.27-01.32.27:207][  0]LogNetVersion: anubisProject , NetCL: 3944462, EngineNetVer: 2, GameNetVer: 0 (Checksum: 1337216142)
[2018.03.27-01.32.28:454][  0]LogPackageLocalizationCache: Processed 9 localized package path(s) for 2 prioritized culture(s) in 0.087198 seconds
[2018.03.27-01.32.28:460][  0]LogUObjectArray: 36728 objects as part of root set at end of initial load.
[2018.03.27-01.32.28:460][  0]LogUObjectAllocator: 7314304 out of 0 bytes used by permanent object pool.
[2018.03.27-01.32.28:460][  0]LogUObjectArray: CloseDisregardForGC: 0/0 objects in disregard for GC pool
[2018.03.27-01.32.48:641][  0]LogTcpMessaging: Initializing TcpMessaging bridge
[2018.03.27-01.32.48:670][  0]LogUdpMessaging: Initializing bridge on interface 0.0.0.0:0 to multicast group 230.0.0.1:6666.
[2018.03.27-01.32.49:074][  0]SourceControl: Source control is disabled
[2018.03.27-01.32.49:074][  0]SourceControl: Source control is disabled
[2018.03.27-01.32.49:090][  0]SourceControl: Source control is disabled
[2018.03.27-01.32.49:107][  0]SourceControl: Source control is disabled
[2018.03.27-01.32.49:647][  0]LogAndroidPermission: UAndroidPermissionCallbackProxy::GetInstance
[2018.03.27-01.32.49:784][  0]LogOcInput: OculusInput pre-init called
[2018.03.27-01.32.49:921][  0]LogEngine: Initializing Engine...
[2018.03.27-01.32.49:922][  0]LogHMD: Failed to initialize OpenVR with code 110
[2018.03.27-01.32.49:924][  0]LogStats: UGameplayTagsManager::ConstructGameplayTagTree: Construct from data asset -  0.000 s
[2018.03.27-01.32.49:924][  0]LogStats: UGameplayTagsManager::ConstructGameplayTagTree: GameplayTagTreeChangedEvent.Broadcast -  0.000 s
[2018.03.27-01.32.50:493][  0]LogAIModule: Creating AISystem for world Untitled
[2018.03.27-01.32.50:500][  0]LogInit: XAudio2 using 'Headset Earphone (3- Razer ManO'War)' : 2 channels at 48 kHz using 16 bits per sample (channel mask 0x3)
[2018.03.27-01.32.50:530][  0]LogInit: FAudioDevice initialized.
[2018.03.27-01.32.50:676][  0]LogDerivedDataCache: Saved boot cache 0.15s 74MB C:/Users/Gavin/AppData/Local/UnrealEngine/4.19/DerivedDataCache/Boot.ddc.
[2018.03.27-01.32.50:697][  0]LogInit: Texture streaming: Enabled
[2018.03.27-01.32.50:717][  0]LogEngineSessionManager: EngineSessionManager initialized
[2018.03.27-01.32.50:742][  0]LogEngineSessionManager: EngineSessionManager sent abnormal shutdown report. Type=AbnormalShutdown, SessionId={9AF01B0D-4851-7329-DE40-BD9B6722798F}
[2018.03.27-01.32.50:742][  0]LogEngineSessionManager: EngineSessionManager sent abnormal shutdown report. Type=AbnormalShutdown, SessionId={4D0D92A5-429D-E502-64D5-C59C40AB9083}
[2018.03.27-01.32.50:760][  0]LogInit: Transaction tracking system initialized
[2018.03.27-01.32.50:783][  0]BlueprintLog: New page: Editor Load
[2018.03.27-01.32.50:896][  0]LocalizationService: Localization service is disabled
[2018.03.27-01.32.51:092][  0]LogConsoleResponse: Display: 
[2018.03.27-01.32.51:709][  0]LogCook: Display: Max memory allowance for cook 16384mb min free memory 0mb
[2018.03.27-01.32.51:709][  0]LogCook: Display: Mobile HDR setting 1
[2018.03.27-01.32.51:709][  0]LogGameplayTags: Display: UGameplayTagsManager::DoneAddingNativeTags. DelegateIsBound: 0
[2018.03.27-01.32.51:709][  0]LogStats: UGameplayTagsManager::ConstructGameplayTagTree: Construct from data asset -  0.000 s
[2018.03.27-01.32.51:709][  0]LogStats: UGameplayTagsManager::ConstructGameplayTagTree: GameplayTagTreeChangedEvent.Broadcast -  0.000 s
[2018.03.27-01.32.52:340][  0]LogFileCache: Scanning file cache for directory 'C:/Users/Gavin/Documents/Unreal Projects/anubisProject 4.19/Content/' took 0.02s
[2018.03.27-01.32.52:363][  0]SourceControl: Source control is disabled
[2018.03.27-01.32.52:595][  0]LogSlate: Took 0.027362 seconds to synchronously load lazily loaded font '../../../Engine/Content/Slate/Fonts/Roboto-Regular.ttf' (155K)
[2018.03.27-01.32.59:579][  0]LogSlate: Window 'Restore Packages' being destroyed
[2018.03.27-01.32.59:580][  0]LogWindowsTextInputMethodSystem: Display: IME system now deactivated.
[2018.03.27-01.32.59:611][  0]LogWindowsTextInputMethodSystem: Display: IME system now deactivated.
[2018.03.27-01.33.04:239][  0]LogSlate: Window 'Unable to Check Out From Source Control!' being destroyed
[2018.03.27-01.33.04:240][  0]LogWindowsTextInputMethodSystem: Display: IME system now deactivated.
[2018.03.27-01.33.04:274][  0]LogWindowsTextInputMethodSystem: Display: IME system now deactivated.
[2018.03.27-01.33.04:275][  0]Cmd: MAP LOAD FILE="../../../../../../Users/Gavin/Documents/Unreal Projects/anubisProject 4.19/Content/FirstPersonBP/Maps/FirstPersonExampleMap.umap" TEMPLATE=0 SHOWPROGRESS=1 FEATURELEVEL=3
[2018.03.27-01.33.04:276][  0]LightingResults: New page: Lighting Build
[2018.03.27-01.33.04:279][  0]MapCheck: New page: Map Check
[2018.03.27-01.33.04:279][  0]LightingResults: New page: Lighting Build
[2018.03.27-01.33.04:914][  0]LogSkeletalMesh: Skeletal Mesh found in DDC [3.680534ms] /Game/FirstPerson/FPWeapon/Mesh/SK_FPGun.SK_FPGun
[2018.03.27-01.33.04:933][  0]LogSkeletalMesh: Skeletal Mesh found in DDC [11.231773ms] /Game/FirstPerson/Character/Mesh/SK_Mannequin_Arms.SK_Mannequin_Arms
[2018.03.27-01.33.04:963][  0]LogAIModule: Creating AISystem for world FirstPersonExampleMap
[2018.03.27-01.33.05:014][  0]LogEditorServer: Finished looking for orphan Actors (0.000 secs)
[2018.03.27-01.33.05:028][  0]Cmd: MAP CHECKDEP NOCLEARLOG
[2018.03.27-01.33.05:106][  0]MapCheck: Map check complete: 0 Error(s), 0 Warning(s), took 78.375ms to complete.
[2018.03.27-01.33.05:106][  0]LogFileHelpers: Loading map 'FirstPersonExampleMap' took 0.832
[2018.03.27-01.33.05:241][  0]LogStats: Warning: MetaData mismatch. Did you assign a stat to two groups? New //STATGROUP_Threads//SplashScreenThread///Thread_28628_0///####STATCAT_Advanced#### old //STATGROUP_Threads//SplashScreenThread///Thread_2154c_0///####STATCAT_Advanced####
[2018.03.27-01.33.05:241][  0]LogCollectionManager: Loaded 0 collections in 0.002091 seconds
[2018.03.27-01.33.05:283][  0]LogFileCache: Scanning file cache for directory 'C:/Users/Gavin/Documents/Unreal Projects/anubisProject 4.19/Saved/Collections/' took 0.01s
[2018.03.27-01.33.05:283][  0]LogFileCache: Scanning file cache for directory 'C:/Users/Gavin/Documents/Unreal Projects/anubisProject 4.19/Content/Developers/Gavin/Collections/' took 0.01s
[2018.03.27-01.33.05:283][  0]LogFileCache: Scanning file cache for directory 'C:/Users/Gavin/Documents/Unreal Projects/anubisProject 4.19/Content/Collections/' took 0.01s
[2018.03.27-01.33.05:283][  0]LogCollectionManager: Rebuilt the GUID cache for 0 collections in 0.000000 seconds
[2018.03.27-01.33.05:292][  0]LogContentBrowser: Native class hierarchy populated in 0.0085 seconds. Added 2452 classes and 558 folders.
[2018.03.27-01.33.05:299][  0]LogContentBrowser: Native class hierarchy updated for 'WidgetCarousel' in 0.0003 seconds. Added 0 classes and 0 folders.
[2018.03.27-01.33.05:827][  0]LogContentBrowser: Native class hierarchy updated for 'AddContentDialog' in 0.0002 seconds. Added 0 classes and 0 folders.
[2018.03.27-01.33.05:832][  0]LogContentBrowser: Native class hierarchy updated for 'SceneOutliner' in 0.0002 seconds. Added 1 classes and 2 folders.
[2018.03.27-01.33.05:883][  0]LogSlate: Took 0.032567 seconds to synchronously load lazily loaded font '../../../Engine/Content/Slate/Fonts/Roboto-Bold.ttf' (160K)
[2018.03.27-01.33.05:912][  0]LogSlate: Took 0.023614 seconds to synchronously load lazily loaded font '../../../Engine/Content/Editor/Slate/Fonts/FontAwesome.ttf' (139K)
[2018.03.27-01.33.06:078][  0]LogRenderer: Reallocating scene render targets to support 1208x576 Format 10 NumSamples 1 (Frame:1).
[2018.03.27-01.33.06:193][  0]LogContentBrowser: Native class hierarchy updated for 'HierarchicalLODOutliner' in 0.0003 seconds. Added 0 classes and 0 folders.
[2018.03.27-01.33.06:193][  0]LogLoad: (Engine Initialization) Total time: 50.69 seconds
[2018.03.27-01.33.06:194][  0]LogLoad: (Engine Initialization) Total Blueprint compile time: 0.00 seconds
[2018.03.27-01.33.06:223][  0]LogContentStreaming: Texture pool size now 1000 MB
[2018.03.27-01.33.06:235][  0]LogSlate: Took 0.000182 seconds to synchronously load lazily loaded font '../../../Engine/Content/Slate/Fonts/Roboto-Light.ttf' (167K)
[2018.03.27-01.33.06:251][  1]LogAssetRegistry: Asset discovery search completed in 39.8668 seconds
[2018.03.27-01.33.06:254][  1]LogCollectionManager: Rebuilt the object cache for 0 collections in 0.000001 seconds (found 0 objects)
[2018.03.27-01.33.06:254][  1]LogCollectionManager: Fixed up redirectors for 0 collections in 0.000080 seconds (updated 0 objects)
[2018.03.27-01.33.07:187][104]LogSlate: FSceneViewport::OnFocusLost() reason 0
[2018.03.27-01.33.07:280][107]LogSlate: Took 0.000298 seconds to synchronously load lazily loaded font '../../../Engine/Content/Slate/Fonts/Roboto-Light.ttf' (167K)
[2018.03.27-01.33.08:261][155]LogContentBrowser: Native class hierarchy updated for 'BlueprintGraph' in 0.0006 seconds. Added 116 classes and 0 folders.
[2018.03.27-01.33.09:116][155]LogSlate: Took 0.015811 seconds to synchronously load lazily loaded font '../../../Engine/Content/Slate/Fonts/Roboto-BoldCondensed.ttf' (158K)
[2018.03.27-01.33.12:319][396]LogSlate: Took 0.019725 seconds to synchronously load lazily loaded font '../../../Engine/Content/Slate/Fonts/Roboto-Italic.ttf' (157K)
[2018.03.27-01.33.15:440][678]LogSlate: Window 'SCP-173' being destroyed
[2018.03.27-01.37.09:846][242]BlueprintLog: New page: Compile FirstPersonCharacter
[2018.03.27-01.41.00:184][ 84]LogSlate: Took 0.021997 seconds to synchronously load lazily loaded font '../../../Engine/Content/Slate/Fonts/Roboto-BoldCondensedItalic.ttf' (160K)
[2018.03.27-01.43.54:738][203]LogSavePackage: Save=167.88ms
[2018.03.27-01.43.54:739][203]LogSavePackage: Moving '../../../../../../Users/Gavin/Documents/Unreal Projects/anubisProject 4.19/Saved/FirstPersonExampleMap_Auto1254AB698470910D79B1823BB2DBB04F3.tmp' to '../../../../../../Users/Gavin/Documents/Unreal Projects/anubisProject 4.19/Saved/Autosaves/Game/FirstPersonBP/Maps/FirstPersonExampleMap_Auto1.umap'
[2018.03.27-01.43.54:741][203]LogSavePackage: Display: Finished SavePackage ../../../../../../Users/Gavin/Documents/Unreal Projects/anubisProject 4.19/Saved/Autosaves/Game/FirstPersonBP/Maps/FirstPersonExampleMap_Auto1.umap
[2018.03.27-01.43.54:746][203]LogFileHelpers: Editor autosave (incl. sublevels) for '/Game/FirstPersonBP/Maps/FirstPersonExampleMap' took 0.230
[2018.03.27-01.43.54:746][203]LogFileHelpers: Editor autosave (incl. sublevels) for all levels took 0.230
[2018.03.27-01.43.54:748][203]OBJ SavePackage: Generating thumbnails for [1] asset(s) in package [/Game/FirstPersonBP/Blueprints/FirstPersonCharacter] ([1] browsable assets)...
[2018.03.27-01.43.54:770][203]OBJ SavePackage:     Rendered thumbnail for [Blueprint /Game/FirstPersonBP/Blueprints/FirstPersonCharacter.FirstPersonCharacter]
[2018.03.27-01.43.54:771][203]OBJ SavePackage: Finished generating thumbnails for package [/Game/FirstPersonBP/Blueprints/FirstPersonCharacter]
[2018.03.27-01.43.54:872][203]LogSavePackage: Save=91.78ms
[2018.03.27-01.43.54:872][203]LogSavePackage: Moving '../../../../../../Users/Gavin/Documents/Unreal Projects/anubisProject 4.19/Saved/FirstPersonCharacter_Auto175A257C947922DE9D7F8D0A15610C5F6.tmp' to '../../../../../../Users/Gavin/Documents/Unreal Projects/anubisProject 4.19/Saved/Autosaves/Game/FirstPersonBP/Blueprints/FirstPersonCharacter_Auto1.uasset'
[2018.03.27-01.43.54:874][203]LogSavePackage: Display: Finished SavePackage ../../../../../../Users/Gavin/Documents/Unreal Projects/anubisProject 4.19/Saved/Autosaves/Game/FirstPersonBP/Blueprints/FirstPersonCharacter_Auto1.uasset
[2018.03.27-01.43.54:874][203]LogFileHelpers: Auto-saving content packages took 0.127
[2018.03.27-01.53.55:153][256]LogFileHelpers: Editor autosave (incl. sublevels) for '/Game/FirstPersonBP/Maps/FirstPersonExampleMap' took 0.025
[2018.03.27-01.53.55:156][256]OBJ SavePackage: Generating thumbnails for [1] asset(s) in package [/Game/FirstPersonBP/Blueprints/FirstPersonCharacter] ([1] browsable assets)...
[2018.03.27-01.53.55:174][256]OBJ SavePackage:     Rendered thumbnail for [Blueprint /Game/FirstPersonBP/Blueprints/FirstPersonCharacter.FirstPersonCharacter]
[2018.03.27-01.53.55:174][256]OBJ SavePackage: Finished generating thumbnails for package [/Game/FirstPersonBP/Blueprints/FirstPersonCharacter]
[2018.03.27-01.53.55:269][256]LogSavePackage: Save=85.71ms
[2018.03.27-01.53.55:269][256]LogSavePackage: Moving '../../../../../../Users/Gavin/Documents/Unreal Projects/anubisProject 4.19/Saved/FirstPersonCharacter_Auto22A876DFA432C54EBD8EBA2999E214A42.tmp' to '../../../../../../Users/Gavin/Documents/Unreal Projects/anubisProject 4.19/Saved/Autosaves/Game/FirstPersonBP/Blueprints/FirstPersonCharacter_Auto2.uasset'
[2018.03.27-01.53.55:273][256]LogSavePackage: Display: Finished SavePackage ../../../../../../Users/Gavin/Documents/Unreal Projects/anubisProject 4.19/Saved/Autosaves/Game/FirstPersonBP/Blueprints/FirstPersonCharacter_Auto2.uasset
[2018.03.27-01.53.55:273][256]LogFileHelpers: Auto-saving content packages took 0.119
[2018.03.27-03.34.01:506][657]BlueprintLog: New page: Compile FirstPersonCharacter
[2018.03.27-03.35.19:693][797]LogSavePackage: Save=1094.54ms
[2018.03.27-03.35.19:694][797]LogSavePackage: Moving '../../../../../../Users/Gavin/Documents/Unreal Projects/anubisProject 4.19/Saved/FirstPersonExampleMap_Auto3B7E1CDF948CC0C290E5964ABF5561DFE.tmp' to '../../../../../../Users/Gavin/Documents/Unreal Projects/anubisProject 4.19/Saved/Autosaves/Game/FirstPersonBP/Maps/FirstPersonExampleMap_Auto3.umap'
[2018.03.27-03.35.19:699][797]LogSavePackage: Display: Finished SavePackage ../../../../../../Users/Gavin/Documents/Unreal Projects/anubisProject 4.19/Saved/Autosaves/Game/FirstPersonBP/Maps/FirstPersonExampleMap_Auto3.umap
[2018.03.27-03.35.19:710][797]LogFileHelpers: Editor autosave (incl. sublevels) for '/Game/FirstPersonBP/Maps/FirstPersonExampleMap' took 1.751
[2018.03.27-03.35.19:710][797]LogFileHelpers: Editor autosave (incl. sublevels) for all levels took 1.751
[2018.03.27-03.35.19:746][797]OBJ SavePackage: Generating thumbnails for [1] asset(s) in package [/Game/FirstPersonBP/Blueprints/FirstPersonCharacter] ([1] browsable assets)...
[2018.03.27-03.35.19:777][797]OBJ SavePackage:     Rendered thumbnail for [Blueprint /Game/FirstPersonBP/Blueprints/FirstPersonCharacter.FirstPersonCharacter]
[2018.03.27-03.35.19:777][797]OBJ SavePackage: Finished generating thumbnails for package [/Game/FirstPersonBP/Blueprints/FirstPersonCharacter]
[2018.03.27-03.35.20:018][797]LogSavePackage: Save=215.78ms
[2018.03.27-03.35.20:018][797]LogSavePackage: Moving '../../../../../../Users/Gavin/Documents/Unreal Projects/anubisProject 4.19/Saved/FirstPersonCharacter_Auto36A1793054CAD8F75108ED288AB751673.tmp' to '../../../../../../Users/Gavin/Documents/Unreal Projects/anubisProject 4.19/Saved/Autosaves/Game/FirstPersonBP/Blueprints/FirstPersonCharacter_Auto3.uasset'
[2018.03.27-03.35.20:025][797]LogSavePackage: Display: Finished SavePackage ../../../../../../Users/Gavin/Documents/Unreal Projects/anubisProject 4.19/Saved/Autosaves/Game/FirstPersonBP/Blueprints/FirstPersonCharacter_Auto3.uasset
[2018.03.27-03.35.20:025][797]LogFileHelpers: Auto-saving content packages took 0.281
[2018.03.27-03.36.19:764][ 73]BlueprintLog: New page: Compile FirstPersonCharacter
[2018.03.27-03.37.01:136][912]LogSlate: Took 0.020804 seconds to synchronously load lazily loaded font '../../../Engine/Content/Slate/Fonts/DroidSansMono.ttf' (77K)
[2018.03.27-03.37.11:243][785]LogSlate: Window 'Master Sequence Settings' being destroyed
[2018.03.27-03.37.12:927][920]LogContentBrowser: Native class hierarchy updated for 'Matinee' in 0.0010 seconds. Added 15 classes and 2 folders.
[2018.03.27-03.37.12:938][920]LogInit: Transaction tracking system initialized
[2018.03.27-03.37.12:940][920]EditorErrors: New page: Matinee Initialization
[2018.03.27-03.37.58:920][330]LogSlate: FSceneViewport::OnFocusLost() reason 2
[2018.03.27-03.38.01:494][601]LogSlate: FSceneViewport::OnFocusLost() reason 2
[2018.03.27-03.38.05:573][ 48]LogSlate: FSceneViewport::OnFocusLost() reason 2
[2018.03.27-03.38.21:284][586]LogSlate: FSceneViewport::OnFocusLost() reason 2
[2018.03.27-03.38.26:008][ 76]LogSlate: FSceneViewport::OnFocusLost() reason 0
[2018.03.27-03.38.33:103][845]LogSlate: FSceneViewport::OnFocusLost() reason 0
[2018.03.27-03.39.10:959][467]LogSlate: FSceneViewport::OnFocusLost() reason 2
[2018.03.27-03.39.14:405][823]LogSlate: FSceneViewport::OnFocusLost() reason 0
[2018.03.27-03.39.46:064][229]LogSlate: FSceneViewport::OnFocusLost() reason 0
[2018.03.27-03.40.02:657][ 25]LogSlate: FSceneViewport::OnFocusLost() reason 0
[2018.03.27-03.40.06:117][356]LogSlate: FSceneViewport::OnFocusLost() reason 0
[2018.03.27-03.40.12:994][ 90]LogSlate: FSceneViewport::OnFocusLost() reason 2
[2018.03.27-03.40.14:074][208]LogSlate: FSceneViewport::OnFocusLost() reason 2
[2018.03.27-03.40.18:530][686]LogSlate: FSceneViewport::OnFocusLost() reason 2
[2018.03.27-03.40.19:611][807]LogSlate: FSceneViewport::OnFocusLost() reason 2
[2018.03.27-03.40.23:019][180]LogSlate: FSceneViewport::OnFocusLost() reason 2
[2018.03.27-03.40.23:726][257]LogSlate: FSceneViewport::OnFocusLost() reason 2
[2018.03.27-03.40.29:688][826]LogSlate: FSceneViewport::OnFocusLost() reason 0
[2018.03.27-03.40.51:114][331]LogSlate: FSceneViewport::OnFocusLost() reason 2
[2018.03.27-03.40.57:353][560]LogSlate: Window 'Message' being destroyed
[2018.03.27-03.40.57:859][560]LogSavePackage: Save=213.76ms
[2018.03.27-03.40.57:859][560]LogSavePackage: Moving '../../../../../../Users/Gavin/Documents/Unreal Projects/anubisProject 4.19/Saved/FirstPersonExampleMap3F48C2B94D023B6FE3B037AD0344EF84.tmp' to '../../../../../../Users/Gavin/Documents/Unreal Projects/anubisProject 4.19/Content/FirstPersonBP/Maps/FirstPersonExampleMap.umap'
[2018.03.27-03.40.57:866][560]LogSavePackage: Display: Finished SavePackage ../../../../../../Users/Gavin/Documents/Unreal Projects/anubisProject 4.19/Content/FirstPersonBP/Maps/FirstPersonExampleMap.umap
[2018.03.27-03.40.57:914][560]LogFileHelpers: Saving map 'FirstPersonExampleMap' took 0.532
[2018.03.27-03.41.12:150][835]LogEditorViewport: Clicking on Actor (LMB): MatineeActor (MatineeActor)
[2018.03.27-03.41.39:495][137]LogSlate: FSceneViewport::OnFocusLost() reason 0
[2018.03.27-03.43.10:034][487]LogEditorViewport: Clicking Background
[2018.03.27-03.43.10:957][574]LogEditorViewport: Clicking on Actor (LMB): MatineeActor (Blink)
[2018.03.27-03.43.11:584][623]LogSlate: FSceneViewport::OnFocusLost() reason 0
[2018.03.27-03.47.52:738][649]LogEditorViewport: Clicking on Actor (LMB): StaticMeshActor (Floor)
[2018.03.27-03.47.53:262][681]LogEditorViewport: Clicking on Actor (LMB): SCP-173_C (SCP-173)
[2018.03.27-03.47.54:278][755]Cmd: DELETE
[2018.03.27-03.47.54:278][755]Cmd: ACTOR DELETE
[2018.03.27-03.47.54:281][755]LogEditorActor: Deleted Actor: SCP-173_C
[2018.03.27-03.47.54:311][755]LogExit: Transaction tracking system shut down
[2018.03.27-03.47.54:312][755]LogEditorActor: Deleted 1 Actors (0.033 secs)
[2018.03.27-03.47.55:765][873]LogSlate: FSceneViewport::OnFocusLost() reason 0
[2018.03.27-03.47.55:811][877]LogTemp: Repeating last play command: Selected Viewport
[2018.03.27-03.47.55:876][877]LogBlueprintUserMessages: Early PlayInEditor Detection: Level '/Game/FirstPersonBP/Maps/FirstPersonExampleMap.FirstPersonExampleMap:PersistentLevel' has LevelScriptBlueprint '/Game/FirstPersonBP/Maps/FirstPersonExampleMap.FirstPersonExampleMap:PersistentLevel.FirstPersonExampleMap' with GeneratedClass '/Game/FirstPersonBP/Maps/FirstPersonExampleMap.FirstPersonExampleMap_C' with ClassGeneratedBy '/Game/FirstPersonBP/Maps/FirstPersonExampleMap.FirstPersonExampleMap:PersistentLevel.FirstPersonExampleMap'
[2018.03.27-03.47.55:877][877]BlueprintLog: New page: Pre-Play auto-recompile
[2018.03.27-03.47.55:906][877]LogPlayLevel: [PlayLevel] Compiling FirstPersonCharacter before play...
[2018.03.27-03.47.56:391][877]LogPlayLevel: PlayLevel: Blueprint regeneration took 515 ms (1 blueprints)
[2018.03.27-03.47.56:393][877]PIE: New page: PIE session: FirstPersonExampleMap (Mar 26, 2018, 1:47:56 PM)
[2018.03.27-03.47.56:393][877]LogPlayLevel: Creating play world package: /Game/FirstPersonBP/Maps/UEDPIE_0_FirstPersonExampleMap
[2018.03.27-03.47.56:434][877]LogPlayLevel: PIE: StaticDuplicateObject took: (0.041241s)
[2018.03.27-03.47.56:435][877]LogAIModule: Creating AISystem for world FirstPersonExampleMap
[2018.03.27-03.47.56:436][877]LogPlayLevel: PIE: World Init took: (0.001780s)
[2018.03.27-03.47.56:436][877]LogPlayLevel: PIE: Created PIE world by copying editor world from /Game/FirstPersonBP/Maps/FirstPersonExampleMap.FirstPersonExampleMap to /Game/FirstPersonBP/Maps/UEDPIE_0_FirstPersonExampleMap.FirstPersonExampleMap (0.043252s)
[2018.03.27-03.47.56:466][877]LogInit: XAudio2 using 'Headset Earphone (3- Razer ManO'War)' : 2 channels at 48 kHz using 16 bits per sample (channel mask 0x3)
[2018.03.27-03.47.56:524][877]LogInit: FAudioDevice initialized.
[2018.03.27-03.47.56:570][877]LogLoad: Game class is 'FirstPersonGameMode_C'
[2018.03.27-03.47.56:574][877]LogWorld: Bringing World /Game/FirstPersonBP/Maps/UEDPIE_0_FirstPersonExampleMap.FirstPersonExampleMap up for play (max tick rate 0) at 2018.03.26-20.47.56
[2018.03.27-03.47.56:574][877]LogWorld: Bringing up level for play took: 0.002617
[2018.03.27-03.47.56:600][877]LogContentBrowser: Native class hierarchy updated for 'MovieSceneCapture' in 0.0007 seconds. Added 11 classes and 0 folders.
[2018.03.27-03.47.56:624][877]PIE: Play in editor start time for /Game/FirstPersonBP/Maps/UEDPIE_0_FirstPersonExampleMap -0.029
[2018.03.27-03.47.56:624][877]LogBlueprintUserMessages: Late PlayInEditor Detection: Level '/Game/FirstPersonBP/Maps/FirstPersonExampleMap.FirstPersonExampleMap:PersistentLevel' has LevelScriptBlueprint '/Game/FirstPersonBP/Maps/FirstPersonExampleMap.FirstPersonExampleMap:PersistentLevel.FirstPersonExampleMap' with GeneratedClass '/Game/FirstPersonBP/Maps/FirstPersonExampleMap.FirstPersonExampleMap_C' with ClassGeneratedBy '/Game/FirstPersonBP/Maps/FirstPersonExampleMap.FirstPersonExampleMap:PersistentLevel.FirstPersonExampleMap'
[2018.03.27-03.48.04:860][655]LogBlueprintUserMessages: Early EndPlayMap Detection: Level '/Game/FirstPersonBP/Maps/FirstPersonExampleMap.FirstPersonExampleMap:PersistentLevel' has LevelScriptBlueprint '/Game/FirstPersonBP/Maps/FirstPersonExampleMap.FirstPersonExampleMap:PersistentLevel.FirstPersonExampleMap' with GeneratedClass '/Game/FirstPersonBP/Maps/FirstPersonExampleMap.FirstPersonExampleMap_C' with ClassGeneratedBy '/Game/FirstPersonBP/Maps/FirstPersonExampleMap.FirstPersonExampleMap:PersistentLevel.FirstPersonExampleMap'
[2018.03.27-03.48.04:899][655]LogBlueprintUserMessages: Late EndPlayMap Detection: Level '/Game/FirstPersonBP/Maps/FirstPersonExampleMap.FirstPersonExampleMap:PersistentLevel' has LevelScriptBlueprint '/Game/FirstPersonBP/Maps/FirstPersonExampleMap.FirstPersonExampleMap:PersistentLevel.FirstPersonExampleMap' with GeneratedClass '/Game/FirstPersonBP/Maps/FirstPersonExampleMap.FirstPersonExampleMap_C' with ClassGeneratedBy '/Game/FirstPersonBP/Maps/FirstPersonExampleMap.FirstPersonExampleMap:PersistentLevel.FirstPersonExampleMap'
[2018.03.27-03.48.06:387][765]LogSlate: FSceneViewport::OnFocusLost() reason 0
[2018.03.27-03.48.11:008][953]LogEditorViewport: Clicking on Actor (LMB): FirstPersonCharacter_C (FirstPersonCharacter)
[2018.03.27-03.48.13:548][ 64]LogSlate: FSceneViewport::OnFocusLost() reason 2
[2018.03.27-03.48.18:575][297]LogEditorViewport: Clicking on Actor (LMB): FirstPersonCharacter_C (FirstPersonCharacter)
[2018.03.27-03.48.19:465][341]LogSlate: FSceneViewport::OnFocusLost() reason 0
[2018.03.27-03.48.19:513][343]LogTemp: Repeating last play command: Selected Viewport
[2018.03.27-03.48.19:561][343]LogBlueprintUserMessages: Early PlayInEditor Detection: Level '/Game/FirstPersonBP/Maps/FirstPersonExampleMap.FirstPersonExampleMap:PersistentLevel' has LevelScriptBlueprint '/Game/FirstPersonBP/Maps/FirstPersonExampleMap.FirstPersonExampleMap:PersistentLevel.FirstPersonExampleMap' with GeneratedClass '/Game/FirstPersonBP/Maps/FirstPersonExampleMap.FirstPersonExampleMap_C' with ClassGeneratedBy '/Game/FirstPersonBP/Maps/FirstPersonExampleMap.FirstPersonExampleMap:PersistentLevel.FirstPersonExampleMap'
[2018.03.27-03.48.19:561][343]LogPlayLevel: PlayLevel: No blueprints needed recompiling
[2018.03.27-03.48.19:561][343]PIE: New page: PIE session: FirstPersonExampleMap (Mar 26, 2018, 1:48:19 PM)
[2018.03.27-03.48.19:561][343]LogPlayLevel: Creating play world package: /Game/FirstPersonBP/Maps/UEDPIE_0_FirstPersonExampleMap
[2018.03.27-03.48.19:594][343]LogPlayLevel: PIE: StaticDuplicateObject took: (0.032501s)
[2018.03.27-03.48.19:596][343]LogAIModule: Creating AISystem for world FirstPersonExampleMap
[2018.03.27-03.48.19:597][343]LogPlayLevel: PIE: World Init took: (0.002476s)
[2018.03.27-03.48.19:597][343]LogPlayLevel: PIE: Created PIE world by copying editor world from /Game/FirstPersonBP/Maps/FirstPersonExampleMap.FirstPersonExampleMap to /Game/FirstPersonBP/Maps/UEDPIE_0_FirstPersonExampleMap.FirstPersonExampleMap (0.035419s)
[2018.03.27-03.48.19:657][343]LogInit: XAudio2 using 'Headset Earphone (3- Razer ManO'War)' : 2 channels at 48 kHz using 16 bits per sample (channel mask 0x3)
[2018.03.27-03.48.19:689][343]LogInit: FAudioDevice initialized.
[2018.03.27-03.48.19:723][343]LogLoad: Game class is 'FirstPersonGameMode_C'
[2018.03.27-03.48.19:725][343]LogWorld: Bringing World /Game/FirstPersonBP/Maps/UEDPIE_0_FirstPersonExampleMap.FirstPersonExampleMap up for play (max tick rate 0) at 2018.03.26-20.48.19
[2018.03.27-03.48.19:726][343]LogWorld: Bringing up level for play took: 0.002376
[2018.03.27-03.48.19:727][343]PIE: Play in editor start time for /Game/FirstPersonBP/Maps/UEDPIE_0_FirstPersonExampleMap 1.074
[2018.03.27-03.48.19:727][343]LogBlueprintUserMessages: Late PlayInEditor Detection: Level '/Game/FirstPersonBP/Maps/FirstPersonExampleMap.FirstPersonExampleMap:PersistentLevel' has LevelScriptBlueprint '/Game/FirstPersonBP/Maps/FirstPersonExampleMap.FirstPersonExampleMap:PersistentLevel.FirstPersonExampleMap' with GeneratedClass '/Game/FirstPersonBP/Maps/FirstPersonExampleMap.FirstPersonExampleMap_C' with ClassGeneratedBy '/Game/FirstPersonBP/Maps/FirstPersonExampleMap.FirstPersonExampleMap:PersistentLevel.FirstPersonExampleMap'
[2018.03.27-03.48.27:208][789]LogBlueprintUserMessages: Early EndPlayMap Detection: Level '/Game/FirstPersonBP/Maps/FirstPersonExampleMap.FirstPersonExampleMap:PersistentLevel' has LevelScriptBlueprint '/Game/FirstPersonBP/Maps/FirstPersonExampleMap.FirstPersonExampleMap:PersistentLevel.FirstPersonExampleMap' with GeneratedClass '/Game/FirstPersonBP/Maps/FirstPersonExampleMap.FirstPersonExampleMap_C' with ClassGeneratedBy '/Game/FirstPersonBP/Maps/FirstPersonExampleMap.FirstPersonExampleMap:PersistentLevel.FirstPersonExampleMap'
[2018.03.27-03.48.27:274][789]LogBlueprintUserMessages: Late EndPlayMap Detection: Level '/Game/FirstPersonBP/Maps/FirstPersonExampleMap.FirstPersonExampleMap:PersistentLevel' has LevelScriptBlueprint '/Game/FirstPersonBP/Maps/FirstPersonExampleMap.FirstPersonExampleMap:PersistentLevel.FirstPersonExampleMap' with GeneratedClass '/Game/FirstPersonBP/Maps/FirstPersonExampleMap.FirstPersonExampleMap_C' with ClassGeneratedBy '/Game/FirstPersonBP/Maps/FirstPersonExampleMap.FirstPersonExampleMap:PersistentLevel.FirstPersonExampleMap'
[2018.03.27-03.48.28:203][827]LogSlate: FSceneViewport::OnFocusLost() reason 0
[2018.03.27-03.48.30:434][953]LogEditorViewport: Clicking on Actor (LMB): StaticMeshActor (EditorCube8)
[2018.03.27-03.48.31:016][976]LogSlate: FSceneViewport::OnFocusLost() reason 0
[2018.03.27-03.48.31:074][979]LogTemp: Repeating last play command: Selected Viewport
[2018.03.27-03.48.31:096][979]LogBlueprintUserMessages: Early PlayInEditor Detection: Level '/Game/FirstPersonBP/Maps/FirstPersonExampleMap.FirstPersonExampleMap:PersistentLevel' has LevelScriptBlueprint '/Game/FirstPersonBP/Maps/FirstPersonExampleMap.FirstPersonExampleMap:PersistentLevel.FirstPersonExampleMap' with GeneratedClass '/Game/FirstPersonBP/Maps/FirstPersonExampleMap.FirstPersonExampleMap_C' with ClassGeneratedBy '/Game/FirstPersonBP/Maps/FirstPersonExampleMap.FirstPersonExampleMap:PersistentLevel.FirstPersonExampleMap'
[2018.03.27-03.48.31:097][979]LogPlayLevel: PlayLevel: No blueprints needed recompiling
[2018.03.27-03.48.31:097][979]PIE: New page: PIE session: FirstPersonExampleMap (Mar 26, 2018, 1:48:31 PM)
[2018.03.27-03.48.31:097][979]LogPlayLevel: Creating play world package: /Game/FirstPersonBP/Maps/UEDPIE_0_FirstPersonExampleMap
[2018.03.27-03.48.31:117][979]LogPlayLevel: PIE: StaticDuplicateObject took: (0.019950s)
[2018.03.27-03.48.31:118][979]LogAIModule: Creating AISystem for world FirstPersonExampleMap
[2018.03.27-03.48.31:118][979]LogPlayLevel: PIE: World Init took: (0.000996s)
[2018.03.27-03.48.31:118][979]LogPlayLevel: PIE: Created PIE world by copying editor world from /Game/FirstPersonBP/Maps/FirstPersonExampleMap.FirstPersonExampleMap to /Game/FirstPersonBP/Maps/UEDPIE_0_FirstPersonExampleMap.FirstPersonExampleMap (0.021122s)
[2018.03.27-03.48.31:175][979]LogInit: XAudio2 using 'Headset Earphone (3- Razer ManO'War)' : 2 channels at 48 kHz using 16 bits per sample (channel mask 0x3)
[2018.03.27-03.48.31:205][979]LogInit: FAudioDevice initialized.
[2018.03.27-03.48.31:237][979]LogLoad: Game class is 'FirstPersonGameMode_C'
[2018.03.27-03.48.31:240][979]LogWorld: Bringing World /Game/FirstPersonBP/Maps/UEDPIE_0_FirstPersonExampleMap.FirstPersonExampleMap up for play (max tick rate 0) at 2018.03.26-20.48.31
[2018.03.27-03.48.31:240][979]LogWorld: Bringing up level for play took: 0.002200
[2018.03.27-03.48.31:241][979]PIE: Play in editor start time for /Game/FirstPersonBP/Maps/UEDPIE_0_FirstPersonExampleMap 0.588
[2018.03.27-03.48.31:242][979]LogBlueprintUserMessages: Late PlayInEditor Detection: Level '/Game/FirstPersonBP/Maps/FirstPersonExampleMap.FirstPersonExampleMap:PersistentLevel' has LevelScriptBlueprint '/Game/FirstPersonBP/Maps/FirstPersonExampleMap.FirstPersonExampleMap:PersistentLevel.FirstPersonExampleMap' with GeneratedClass '/Game/FirstPersonBP/Maps/FirstPersonExampleMap.FirstPersonExampleMap_C' with ClassGeneratedBy '/Game/FirstPersonBP/Maps/FirstPersonExampleMap.FirstPersonExampleMap:PersistentLevel.FirstPersonExampleMap'
[2018.03.27-03.48.34:810][149]LogBlueprintUserMessages: Early EndPlayMap Detection: Level '/Game/FirstPersonBP/Maps/FirstPersonExampleMap.FirstPersonExampleMap:PersistentLevel' has LevelScriptBlueprint '/Game/FirstPersonBP/Maps/FirstPersonExampleMap.FirstPersonExampleMap:PersistentLevel.FirstPersonExampleMap' with GeneratedClass '/Game/FirstPersonBP/Maps/FirstPersonExampleMap.FirstPersonExampleMap_C' with ClassGeneratedBy '/Game/FirstPersonBP/Maps/FirstPersonExampleMap.FirstPersonExampleMap:PersistentLevel.FirstPersonExampleMap'
[2018.03.27-03.48.34:877][149]LogBlueprintUserMessages: Late EndPlayMap Detection: Level '/Game/FirstPersonBP/Maps/FirstPersonExampleMap.FirstPersonExampleMap:PersistentLevel' has LevelScriptBlueprint '/Game/FirstPersonBP/Maps/FirstPersonExampleMap.FirstPersonExampleMap:PersistentLevel.FirstPersonExampleMap' with GeneratedClass '/Game/FirstPersonBP/Maps/FirstPersonExampleMap.FirstPersonExampleMap_C' with ClassGeneratedBy '/Game/FirstPersonBP/Maps/FirstPersonExampleMap.FirstPersonExampleMap:PersistentLevel.FirstPersonExampleMap'
[2018.03.27-03.48.36:194][199]LogSlate: FSceneViewport::OnFocusLost() reason 0
[2018.03.27-03.48.36:252][201]LogSlate: Window 'FirstPersonCharacter*' being destroyed
[2018.03.27-03.48.36:257][201]LogSlate: Window 'FirstPersonCharacter*' being destroyed
[2018.03.27-03.48.59:619][688]LogTemp: Repeating last play command: Selected Viewport
[2018.03.27-03.48.59:640][688]LogBlueprintUserMessages: Early PlayInEditor Detection: Level '/Game/FirstPersonBP/Maps/FirstPersonExampleMap.FirstPersonExampleMap:PersistentLevel' has LevelScriptBlueprint '/Game/FirstPersonBP/Maps/FirstPersonExampleMap.FirstPersonExampleMap:PersistentLevel.FirstPersonExampleMap' with GeneratedClass '/Game/FirstPersonBP/Maps/FirstPersonExampleMap.FirstPersonExampleMap_C' with ClassGeneratedBy '/Game/FirstPersonBP/Maps/FirstPersonExampleMap.FirstPersonExampleMap:PersistentLevel.FirstPersonExampleMap'
[2018.03.27-03.48.59:640][688]LogPlayLevel: PlayLevel: No blueprints needed recompiling
[2018.03.27-03.48.59:640][688]PIE: New page: PIE session: FirstPersonExampleMap (Mar 26, 2018, 1:48:59 PM)
[2018.03.27-03.48.59:640][688]LogPlayLevel: Creating play world package: /Game/FirstPersonBP/Maps/UEDPIE_0_FirstPersonExampleMap
[2018.03.27-03.48.59:671][688]LogPlayLevel: PIE: StaticDuplicateObject took: (0.031109s)
[2018.03.27-03.48.59:674][688]LogAIModule: Creating AISystem for world FirstPersonExampleMap
[2018.03.27-03.48.59:674][688]LogPlayLevel: PIE: World Init took: (0.002732s)
[2018.03.27-03.48.59:674][688]LogPlayLevel: PIE: Created PIE world by copying editor world from /Game/FirstPersonBP/Maps/FirstPersonExampleMap.FirstPersonExampleMap to /Game/FirstPersonBP/Maps/UEDPIE_0_FirstPersonExampleMap.FirstPersonExampleMap (0.034222s)
[2018.03.27-03.48.59:727][688]LogInit: XAudio2 using 'Headset Earphone (3- Razer ManO'War)' : 2 channels at 48 kHz using 16 bits per sample (channel mask 0x3)
[2018.03.27-03.48.59:760][688]LogInit: FAudioDevice initialized.
[2018.03.27-03.48.59:793][688]LogLoad: Game class is 'FirstPersonGameMode_C'
[2018.03.27-03.48.59:795][688]LogWorld: Bringing World /Game/FirstPersonBP/Maps/UEDPIE_0_FirstPersonExampleMap.FirstPersonExampleMap up for play (max tick rate 0) at 2018.03.26-20.48.59
[2018.03.27-03.48.59:796][688]LogWorld: Bringing up level for play took: 0.002233
[2018.03.27-03.48.59:797][688]PIE: Play in editor start time for /Game/FirstPersonBP/Maps/UEDPIE_0_FirstPersonExampleMap 1.144
[2018.03.27-03.48.59:797][688]LogBlueprintUserMessages: Late PlayInEditor Detection: Level '/Game/FirstPersonBP/Maps/FirstPersonExampleMap.FirstPersonExampleMap:PersistentLevel' has LevelScriptBlueprint '/Game/FirstPersonBP/Maps/FirstPersonExampleMap.FirstPersonExampleMap:PersistentLevel.FirstPersonExampleMap' with GeneratedClass '/Game/FirstPersonBP/Maps/FirstPersonExampleMap.FirstPersonExampleMap_C' with ClassGeneratedBy '/Game/FirstPersonBP/Maps/FirstPersonExampleMap.FirstPersonExampleMap:PersistentLevel.FirstPersonExampleMap'
[2018.03.27-03.49.03:439][920]LogBlueprintUserMessages: Early EndPlayMap Detection: Level '/Game/FirstPersonBP/Maps/FirstPersonExampleMap.FirstPersonExampleMap:PersistentLevel' has LevelScriptBlueprint '/Game/FirstPersonBP/Maps/FirstPersonExampleMap.FirstPersonExampleMap:PersistentLevel.FirstPersonExampleMap' with GeneratedClass '/Game/FirstPersonBP/Maps/FirstPersonExampleMap.FirstPersonExampleMap_C' with ClassGeneratedBy '/Game/FirstPersonBP/Maps/FirstPersonExampleMap.FirstPersonExampleMap:PersistentLevel.FirstPersonExampleMap'
[2018.03.27-03.49.03:504][920]LogBlueprintUserMessages: Late EndPlayMap Detection: Level '/Game/FirstPersonBP/Maps/FirstPersonExampleMap.FirstPersonExampleMap:PersistentLevel' has LevelScriptBlueprint '/Game/FirstPersonBP/Maps/FirstPersonExampleMap.FirstPersonExampleMap:PersistentLevel.FirstPersonExampleMap' with GeneratedClass '/Game/FirstPersonBP/Maps/FirstPersonExampleMap.FirstPersonExampleMap_C' with ClassGeneratedBy '/Game/FirstPersonBP/Maps/FirstPersonExampleMap.FirstPersonExampleMap:PersistentLevel.FirstPersonExampleMap'
[2018.03.27-03.49.04:621][976]LogSlate: FSceneViewport::OnFocusLost() reason 0
[2018.03.27-03.49.18:634][712]LogSlate: FSceneViewport::OnFocusLost() reason 2
[2018.03.27-03.49.22:430][915]LogSlate: FSceneViewport::OnFocusLost() reason 2
[2018.03.27-03.49.22:436][915]LogSlate: Window 'FirstPersonCharacter*' being destroyed
[2018.03.27-03.49.23:664][992]LogSlate: FSceneViewport::OnFocusLost() reason 2
[2018.03.27-03.49.23:669][992]LogSlate: Window 'FirstPersonCharacter*' being destroyed
[2018.03.27-03.49.26:384][149]LogTemp: Repeating last play command: Selected Viewport
[2018.03.27-03.49.26:406][149]LogBlueprintUserMessages: Early PlayInEditor Detection: Level '/Game/FirstPersonBP/Maps/FirstPersonExampleMap.FirstPersonExampleMap:PersistentLevel' has LevelScriptBlueprint '/Game/FirstPersonBP/Maps/FirstPersonExampleMap.FirstPersonExampleMap:PersistentLevel.FirstPersonExampleMap' with GeneratedClass '/Game/FirstPersonBP/Maps/FirstPersonExampleMap.FirstPersonExampleMap_C' with ClassGeneratedBy '/Game/FirstPersonBP/Maps/FirstPersonExampleMap.FirstPersonExampleMap:PersistentLevel.FirstPersonExampleMap'
[2018.03.27-03.49.26:406][149]LogPlayLevel: PlayLevel: No blueprints needed recompiling
[2018.03.27-03.49.26:406][149]PIE: New page: PIE session: FirstPersonExampleMap (Mar 26, 2018, 1:49:26 PM)
[2018.03.27-03.49.26:407][149]LogPlayLevel: Creating play world package: /Game/FirstPersonBP/Maps/UEDPIE_0_FirstPersonExampleMap
[2018.03.27-03.49.26:430][149]LogPlayLevel: PIE: StaticDuplicateObject took: (0.022933s)
[2018.03.27-03.49.26:430][149]LogAIModule: Creating AISystem for world FirstPersonExampleMap
[2018.03.27-03.49.26:431][149]LogPlayLevel: PIE: World Init took: (0.000870s)
[2018.03.27-03.49.26:431][149]LogPlayLevel: PIE: Created PIE world by copying editor world from /Game/FirstPersonBP/Maps/FirstPersonExampleMap.FirstPersonExampleMap to /Game/FirstPersonBP/Maps/UEDPIE_0_FirstPersonExampleMap.FirstPersonExampleMap (0.024033s)
[2018.03.27-03.49.26:463][149]LogInit: XAudio2 using 'Headset Earphone (3- Razer ManO'War)' : 2 channels at 48 kHz using 16 bits per sample (channel mask 0x3)
[2018.03.27-03.49.26:499][149]LogInit: FAudioDevice initialized.
[2018.03.27-03.49.26:535][149]LogLoad: Game class is 'FirstPersonGameMode_C'
[2018.03.27-03.49.26:537][149]LogWorld: Bringing World /Game/FirstPersonBP/Maps/UEDPIE_0_FirstPersonExampleMap.FirstPersonExampleMap up for play (max tick rate 0) at 2018.03.26-20.49.26
[2018.03.27-03.49.26:537][149]LogWorld: Bringing up level for play took: 0.001894
[2018.03.27-03.49.26:538][149]PIE: Play in editor start time for /Game/FirstPersonBP/Maps/UEDPIE_0_FirstPersonExampleMap -0.114
[2018.03.27-03.49.26:539][149]LogBlueprintUserMessages: Late PlayInEditor Detection: Level '/Game/FirstPersonBP/Maps/FirstPersonExampleMap.FirstPersonExampleMap:PersistentLevel' has LevelScriptBlueprint '/Game/FirstPersonBP/Maps/FirstPersonExampleMap.FirstPersonExampleMap:PersistentLevel.FirstPersonExampleMap' with GeneratedClass '/Game/FirstPersonBP/Maps/FirstPersonExampleMap.FirstPersonExampleMap_C' with ClassGeneratedBy '/Game/FirstPersonBP/Maps/FirstPersonExampleMap.FirstPersonExampleMap:PersistentLevel.FirstPersonExampleMap'
[2018.03.27-03.49.28:668][269]LogBlueprintUserMessages: Early EndPlayMap Detection: Level '/Game/FirstPersonBP/Maps/FirstPersonExampleMap.FirstPersonExampleMap:PersistentLevel' has LevelScriptBlueprint '/Game/FirstPersonBP/Maps/FirstPersonExampleMap.FirstPersonExampleMap:PersistentLevel.FirstPersonExampleMap' with GeneratedClass '/Game/FirstPersonBP/Maps/FirstPersonExampleMap.FirstPersonExampleMap_C' with ClassGeneratedBy '/Game/FirstPersonBP/Maps/FirstPersonExampleMap.FirstPersonExampleMap:PersistentLevel.FirstPersonExampleMap'
[2018.03.27-03.49.28:746][269]LogBlueprintUserMessages: Late EndPlayMap Detection: Level '/Game/FirstPersonBP/Maps/FirstPersonExampleMap.FirstPersonExampleMap:PersistentLevel' has LevelScriptBlueprint '/Game/FirstPersonBP/Maps/FirstPersonExampleMap.FirstPersonExampleMap:PersistentLevel.FirstPersonExampleMap' with GeneratedClass '/Game/FirstPersonBP/Maps/FirstPersonExampleMap.FirstPersonExampleMap_C' with ClassGeneratedBy '/Game/FirstPersonBP/Maps/FirstPersonExampleMap.FirstPersonExampleMap:PersistentLevel.FirstPersonExampleMap'
[2018.03.27-03.49.56:506][820]BlueprintLog: New page: Compile FirstPersonCharacter
[2018.03.27-03.50.10:901][575]LogTemp: Repeating last play command: Selected Viewport
[2018.03.27-03.50.10:954][575]LogBlueprintUserMessages: Early PlayInEditor Detection: Level '/Game/FirstPersonBP/Maps/FirstPersonExampleMap.FirstPersonExampleMap:PersistentLevel' has LevelScriptBlueprint '/Game/FirstPersonBP/Maps/FirstPersonExampleMap.FirstPersonExampleMap:PersistentLevel.FirstPersonExampleMap' with GeneratedClass '/Game/FirstPersonBP/Maps/FirstPersonExampleMap.FirstPersonExampleMap_C' with ClassGeneratedBy '/Game/FirstPersonBP/Maps/FirstPersonExampleMap.FirstPersonExampleMap:PersistentLevel.FirstPersonExampleMap'
[2018.03.27-03.50.10:954][575]LogPlayLevel: PlayLevel: No blueprints needed recompiling
[2018.03.27-03.50.10:954][575]PIE: New page: PIE session: FirstPersonExampleMap (Mar 26, 2018, 1:50:10 PM)
[2018.03.27-03.50.10:954][575]LogPlayLevel: Creating play world package: /Game/FirstPersonBP/Maps/UEDPIE_0_FirstPersonExampleMap
[2018.03.27-03.50.10:978][575]LogPlayLevel: PIE: StaticDuplicateObject took: (0.023251s)
[2018.03.27-03.50.10:979][575]LogAIModule: Creating AISystem for world FirstPersonExampleMap
[2018.03.27-03.50.10:979][575]LogPlayLevel: PIE: World Init took: (0.000873s)
[2018.03.27-03.50.10:979][575]LogPlayLevel: PIE: Created PIE world by copying editor world from /Game/FirstPersonBP/Maps/FirstPersonExampleMap.FirstPersonExampleMap to /Game/FirstPersonBP/Maps/UEDPIE_0_FirstPersonExampleMap.FirstPersonExampleMap (0.024328s)
[2018.03.27-03.50.11:058][575]LogInit: XAudio2 using 'Headset Earphone (3- Razer ManO'War)' : 2 channels at 48 kHz using 16 bits per sample (channel mask 0x3)
[2018.03.27-03.50.11:090][575]LogInit: FAudioDevice initialized.
[2018.03.27-03.50.11:125][575]LogLoad: Game class is 'FirstPersonGameMode_C'
[2018.03.27-03.50.11:128][575]LogWorld: Bringing World /Game/FirstPersonBP/Maps/UEDPIE_0_FirstPersonExampleMap.FirstPersonExampleMap up for play (max tick rate 0) at 2018.03.26-20.50.11
[2018.03.27-03.50.11:129][575]LogWorld: Bringing up level for play took: 0.002766
[2018.03.27-03.50.11:130][575]PIE: Play in editor start time for /Game/FirstPersonBP/Maps/UEDPIE_0_FirstPersonExampleMap 0.477
[2018.03.27-03.50.11:130][575]LogBlueprintUserMessages: Late PlayInEditor Detection: Level '/Game/FirstPersonBP/Maps/FirstPersonExampleMap.FirstPersonExampleMap:PersistentLevel' has LevelScriptBlueprint '/Game/FirstPersonBP/Maps/FirstPersonExampleMap.FirstPersonExampleMap:PersistentLevel.FirstPersonExampleMap' with GeneratedClass '/Game/FirstPersonBP/Maps/FirstPersonExampleMap.FirstPersonExampleMap_C' with ClassGeneratedBy '/Game/FirstPersonBP/Maps/FirstPersonExampleMap.FirstPersonExampleMap:PersistentLevel.FirstPersonExampleMap'
[2018.03.27-03.50.18:096][951]LogBlueprintUserMessages: Early EndPlayMap Detection: Level '/Game/FirstPersonBP/Maps/FirstPersonExampleMap.FirstPersonExampleMap:PersistentLevel' has LevelScriptBlueprint '/Game/FirstPersonBP/Maps/FirstPersonExampleMap.FirstPersonExampleMap:PersistentLevel.FirstPersonExampleMap' with GeneratedClass '/Game/FirstPersonBP/Maps/FirstPersonExampleMap.FirstPersonExampleMap_C' with ClassGeneratedBy '/Game/FirstPersonBP/Maps/FirstPersonExampleMap.FirstPersonExampleMap:PersistentLevel.FirstPersonExampleMap'
[2018.03.27-03.50.18:164][951]LogBlueprintUserMessages: Late EndPlayMap Detection: Level '/Game/FirstPersonBP/Maps/FirstPersonExampleMap.FirstPersonExampleMap:PersistentLevel' has LevelScriptBlueprint '/Game/FirstPersonBP/Maps/FirstPersonExampleMap.FirstPersonExampleMap:PersistentLevel.FirstPersonExampleMap' with GeneratedClass '/Game/FirstPersonBP/Maps/FirstPersonExampleMap.FirstPersonExampleMap_C' with ClassGeneratedBy '/Game/FirstPersonBP/Maps/FirstPersonExampleMap.FirstPersonExampleMap:PersistentLevel.FirstPersonExampleMap'
[2018.03.27-03.50.19:294][  6]LogSlate: FSceneViewport::OnFocusLost() reason 0
[2018.03.27-03.50.27:901][453]BlueprintLog: New page: Compile FirstPersonCharacter
[2018.03.27-03.50.33:432][722]LogTemp: Repeating last play command: Selected Viewport
[2018.03.27-03.50.33:496][722]LogBlueprintUserMessages: Early PlayInEditor Detection: Level '/Game/FirstPersonBP/Maps/FirstPersonExampleMap.FirstPersonExampleMap:PersistentLevel' has LevelScriptBlueprint '/Game/FirstPersonBP/Maps/FirstPersonExampleMap.FirstPersonExampleMap:PersistentLevel.FirstPersonExampleMap' with GeneratedClass '/Game/FirstPersonBP/Maps/FirstPersonExampleMap.FirstPersonExampleMap_C' with ClassGeneratedBy '/Game/FirstPersonBP/Maps/FirstPersonExampleMap.FirstPersonExampleMap:PersistentLevel.FirstPersonExampleMap'
[2018.03.27-03.50.33:496][722]LogPlayLevel: PlayLevel: No blueprints needed recompiling
[2018.03.27-03.50.33:497][722]PIE: New page: PIE session: FirstPersonExampleMap (Mar 26, 2018, 1:50:33 PM)
[2018.03.27-03.50.33:497][722]LogPlayLevel: Creating play world package: /Game/FirstPersonBP/Maps/UEDPIE_0_FirstPersonExampleMap
[2018.03.27-03.50.33:515][722]LogPlayLevel: PIE: StaticDuplicateObject took: (0.018487s)
[2018.03.27-03.50.33:516][722]LogAIModule: Creating AISystem for world FirstPersonExampleMap
[2018.03.27-03.50.33:516][722]LogPlayLevel: PIE: World Init took: (0.001009s)
[2018.03.27-03.50.33:516][722]LogPlayLevel: PIE: Created PIE world by copying editor world from /Game/FirstPersonBP/Maps/FirstPersonExampleMap.FirstPersonExampleMap to /Game/FirstPersonBP/Maps/UEDPIE_0_FirstPersonExampleMap.FirstPersonExampleMap (0.019740s)
[2018.03.27-03.50.33:567][722]LogInit: XAudio2 using 'Headset Earphone (3- Razer ManO'War)' : 2 channels at 48 kHz using 16 bits per sample (channel mask 0x3)
[2018.03.27-03.50.33:601][722]LogInit: FAudioDevice initialized.
[2018.03.27-03.50.33:634][722]LogLoad: Game class is 'FirstPersonGameMode_C'
[2018.03.27-03.50.33:637][722]LogWorld: Bringing World /Game/FirstPersonBP/Maps/UEDPIE_0_FirstPersonExampleMap.FirstPersonExampleMap up for play (max tick rate 0) at 2018.03.26-20.50.33
[2018.03.27-03.50.33:637][722]LogWorld: Bringing up level for play took: 0.002123
[2018.03.27-03.50.33:638][722]PIE: Play in editor start time for /Game/FirstPersonBP/Maps/UEDPIE_0_FirstPersonExampleMap 0.985
[2018.03.27-03.50.33:638][722]LogBlueprintUserMessages: Late PlayInEditor Detection: Level '/Game/FirstPersonBP/Maps/FirstPersonExampleMap.FirstPersonExampleMap:PersistentLevel' has LevelScriptBlueprint '/Game/FirstPersonBP/Maps/FirstPersonExampleMap.FirstPersonExampleMap:PersistentLevel.FirstPersonExampleMap' with GeneratedClass '/Game/FirstPersonBP/Maps/FirstPersonExampleMap.FirstPersonExampleMap_C' with ClassGeneratedBy '/Game/FirstPersonBP/Maps/FirstPersonExampleMap.FirstPersonExampleMap:PersistentLevel.FirstPersonExampleMap'
[2018.03.27-03.50.43:562][258]LogBlueprintUserMessages: [FirstPersonCharacter_C_1] Blink
[2018.03.27-03.50.46:510][435]LogBlueprintUserMessages: Early EndPlayMap Detection: Level '/Game/FirstPersonBP/Maps/FirstPersonExampleMap.FirstPersonExampleMap:PersistentLevel' has LevelScriptBlueprint '/Game/FirstPersonBP/Maps/FirstPersonExampleMap.FirstPersonExampleMap:PersistentLevel.FirstPersonExampleMap' with GeneratedClass '/Game/FirstPersonBP/Maps/FirstPersonExampleMap.FirstPersonExampleMap_C' with ClassGeneratedBy '/Game/FirstPersonBP/Maps/FirstPersonExampleMap.FirstPersonExampleMap:PersistentLevel.FirstPersonExampleMap'
[2018.03.27-03.50.46:587][435]LogBlueprintUserMessages: Late EndPlayMap Detection: Level '/Game/FirstPersonBP/Maps/FirstPersonExampleMap.FirstPersonExampleMap:PersistentLevel' has LevelScriptBlueprint '/Game/FirstPersonBP/Maps/FirstPersonExampleMap.FirstPersonExampleMap:PersistentLevel.FirstPersonExampleMap' with GeneratedClass '/Game/FirstPersonBP/Maps/FirstPersonExampleMap.FirstPersonExampleMap_C' with ClassGeneratedBy '/Game/FirstPersonBP/Maps/FirstPersonExampleMap.FirstPersonExampleMap:PersistentLevel.FirstPersonExampleMap'
[2018.03.27-03.50.47:767][499]LogSlate: FSceneViewport::OnFocusLost() reason 0
[2018.03.27-03.50.57:225][ 21]BlueprintLog: New page: Compile FirstPersonCharacter
[2018.03.27-03.51.40:721][187]LogSavePackage: Save=246.82ms
[2018.03.27-03.51.40:721][187]LogSavePackage: Moving '../../../../../../Users/Gavin/Documents/Unreal Projects/anubisProject 4.19/Saved/FirstPersonExampleMap_Auto44C6E09414DD41CF3024E2EB32DF95E6C.tmp' to '../../../../../../Users/Gavin/Documents/Unreal Projects/anubisProject 4.19/Saved/Autosaves/Game/FirstPersonBP/Maps/FirstPersonExampleMap_Auto4.umap'
[2018.03.27-03.51.40:746][187]LogSavePackage: Display: Finished SavePackage ../../../../../../Users/Gavin/Documents/Unreal Projects/anubisProject 4.19/Saved/Autosaves/Game/FirstPersonBP/Maps/FirstPersonExampleMap_Auto4.umap
[2018.03.27-03.51.40:748][187]LogFileHelpers: Editor autosave (incl. sublevels) for '/Game/FirstPersonBP/Maps/FirstPersonExampleMap' took 0.344
[2018.03.27-03.51.40:748][187]LogFileHelpers: Editor autosave (incl. sublevels) for all levels took 0.344
[2018.03.27-03.51.40:756][187]OBJ SavePackage: Generating thumbnails for [1] asset(s) in package [/Game/FirstPersonBP/Blueprints/FirstPersonCharacter] ([1] browsable assets)...
[2018.03.27-03.51.40:787][187]OBJ SavePackage:     Rendered thumbnail for [Blueprint /Game/FirstPersonBP/Blueprints/FirstPersonCharacter.FirstPersonCharacter]
[2018.03.27-03.51.40:787][187]OBJ SavePackage: Finished generating thumbnails for package [/Game/FirstPersonBP/Blueprints/FirstPersonCharacter]
[2018.03.27-03.51.40:981][187]LogSavePackage: Save=182.84ms
[2018.03.27-03.51.40:981][187]LogSavePackage: Moving '../../../../../../Users/Gavin/Documents/Unreal Projects/anubisProject 4.19/Saved/FirstPersonCharacter_Auto44CD27931483434C788573B886FB01638.tmp' to '../../../../../../Users/Gavin/Documents/Unreal Projects/anubisProject 4.19/Saved/Autosaves/Game/FirstPersonBP/Blueprints/FirstPersonCharacter_Auto4.uasset'
[2018.03.27-03.51.40:983][187]LogSavePackage: Display: Finished SavePackage ../../../../../../Users/Gavin/Documents/Unreal Projects/anubisProject 4.19/Saved/Autosaves/Game/FirstPersonBP/Blueprints/FirstPersonCharacter_Auto4.uasset
[2018.03.27-03.51.40:983][187]LogFileHelpers: Auto-saving content packages took 0.228
[2018.03.27-03.53.07:570][851]LogSlate: Window 'Master Sequence Settings' being destroyed
[2018.03.27-03.59.15:851][864]LogSlate: Window 'FirstPersonCharacter*' being destroyed
[2018.03.27-04.01.27:001][962]LogFactory: FactoryCreateFile: Texture with ReimportTextureFactory (0 0 C:\Users\Gavin\Desktop\black.jpg)
[2018.03.27-04.01.27:131][962]LogTexture: Display: Building textures: black (AutoDXT, 1920X1080)
[2018.03.27-04.02.00:545][125]LogSlate: Window 'Color Picker' being destroyed
[2018.03.27-04.02.11:734][325]BlueprintLog: New page: Compile Blink
[2018.03.27-04.02.45:255][222]LogFileHelpers: Editor autosave (incl. sublevels) for '/Game/FirstPersonBP/Maps/FirstPersonExampleMap' took 0.093
[2018.03.27-04.02.45:257][222]OBJ SavePackage: Generating thumbnails for [0] asset(s) in package [/Game/Blink] ([1] browsable assets)...
[2018.03.27-04.02.45:258][222]OBJ SavePackage: Finished generating thumbnails for package [/Game/Blink]
[2018.03.27-04.02.45:258][222]Cmd: OBJ SAVEPACKAGE PACKAGE="/Game/Blink" FILE="../../../../../../Users/Gavin/Documents/Unreal Projects/anubisProject 4.19/Saved/Autosaves/Game/Blink_Auto5.uasset" SILENT=false AUTOSAVING=true
[2018.03.27-04.02.45:289][222]LogSavePackage: Save=27.06ms
[2018.03.27-04.02.45:289][222]LogSavePackage: Moving '../../../../../../Users/Gavin/Documents/Unreal Projects/anubisProject 4.19/Saved/Blink_Auto5186E79CC482B5112F3740FAEF189C81D.tmp' to '../../../../../../Users/Gavin/Documents/Unreal Projects/anubisProject 4.19/Saved/Autosaves/Game/Blink_Auto5.uasset'
[2018.03.27-04.02.45:290][222]LogSavePackage: Display: Finished SavePackage ../../../../../../Users/Gavin/Documents/Unreal Projects/anubisProject 4.19/Saved/Autosaves/Game/Blink_Auto5.uasset
[2018.03.27-04.02.45:290][222]OBJ SavePackage: Generating thumbnails for [1] asset(s) in package [/Game/black] ([1] browsable assets)...
[2018.03.27-04.02.45:294][222]OBJ SavePackage:     Rendered thumbnail for [Texture2D /Game/black.black]
[2018.03.27-04.02.45:294][222]OBJ SavePackage: Finished generating thumbnails for package [/Game/black]
[2018.03.27-04.02.45:294][222]Cmd: OBJ SAVEPACKAGE PACKAGE="/Game/black" FILE="../../../../../../Users/Gavin/Documents/Unreal Projects/anubisProject 4.19/Saved/Autosaves/Game/black_Auto5.uasset" SILENT=false AUTOSAVING=true
[2018.03.27-04.02.45:308][222]LogSavePackage: Save=10.43ms
[2018.03.27-04.02.45:308][222]LogSavePackage: Moving '../../../../../../Users/Gavin/Documents/Unreal Projects/anubisProject 4.19/Saved/black_Auto5B2B2CED54A154F75327987BA936C252F.tmp' to '../../../../../../Users/Gavin/Documents/Unreal Projects/anubisProject 4.19/Saved/Autosaves/Game/black_Auto5.uasset'
[2018.03.27-04.02.45:309][222]LogSavePackage: Display: Finished SavePackage ../../../../../../Users/Gavin/Documents/Unreal Projects/anubisProject 4.19/Saved/Autosaves/Game/black_Auto5.uasset
[2018.03.27-04.02.45:310][222]LogFileHelpers: Auto-saving content packages took 0.053
[2018.03.27-04.03.39:503][995]LogSlate: Prevented a slow task dialog from being summoned while a context menu was open
[2018.03.27-04.05.08:942][ 38]BlueprintLog: New page: Compile FirstPersonCharacter
[2018.03.27-04.05.09:018][ 38]LogBlueprint: Error: [Compiler FirstPersonCharacter] This blueprint (self) is not a UserWidget, therefore ' Target ' must have a connection.
[2018.03.27-04.05.09:477][ 38]LogBlueprint: Warning: [Compiler FirstPersonCharacter] [9173.98] Compile of FirstPersonCharacter failed. 1 Fatal Issue(s) 0 Warning(s) [in 534 ms] (/Game/FirstPersonBP/Blueprints/FirstPersonCharacter.FirstPersonCharacter)
[2018.03.27-04.05.14:513][363]BlueprintLog: New page: Compile FirstPersonCharacter
[2018.03.27-04.05.26:020][ 83]LogTemp: Repeating last play command: Selected Viewport
[2018.03.27-04.05.26:048][ 83]LogBlueprintUserMessages: Early PlayInEditor Detection: Level '/Game/FirstPersonBP/Maps/FirstPersonExampleMap.FirstPersonExampleMap:PersistentLevel' has LevelScriptBlueprint '/Game/FirstPersonBP/Maps/FirstPersonExampleMap.FirstPersonExampleMap:PersistentLevel.FirstPersonExampleMap' with GeneratedClass '/Game/FirstPersonBP/Maps/FirstPersonExampleMap.FirstPersonExampleMap_C' with ClassGeneratedBy '/Game/FirstPersonBP/Maps/FirstPersonExampleMap.FirstPersonExampleMap:PersistentLevel.FirstPersonExampleMap'
[2018.03.27-04.05.26:048][ 83]LogPlayLevel: PlayLevel: No blueprints needed recompiling
[2018.03.27-04.05.26:049][ 83]PIE: New page: PIE session: FirstPersonExampleMap (Mar 26, 2018, 2:05:26 PM)
[2018.03.27-04.05.26:049][ 83]LogPlayLevel: Creating play world package: /Game/FirstPersonBP/Maps/UEDPIE_0_FirstPersonExampleMap
[2018.03.27-04.05.26:076][ 83]LogPlayLevel: PIE: StaticDuplicateObject took: (0.026747s)
[2018.03.27-04.05.26:077][ 83]LogAIModule: Creating AISystem for world FirstPersonExampleMap
[2018.03.27-04.05.26:077][ 83]LogPlayLevel: PIE: World Init took: (0.001904s)
[2018.03.27-04.05.26:078][ 83]LogPlayLevel: PIE: Created PIE world by copying editor world from /Game/FirstPersonBP/Maps/FirstPersonExampleMap.FirstPersonExampleMap to /Game/FirstPersonBP/Maps/UEDPIE_0_FirstPersonExampleMap.FirstPersonExampleMap (0.028878s)
[2018.03.27-04.05.26:117][ 83]LogInit: XAudio2 using 'Headset Earphone (3- Razer ManO'War)' : 2 channels at 48 kHz using 16 bits per sample (channel mask 0x3)
[2018.03.27-04.05.26:153][ 83]LogInit: FAudioDevice initialized.
[2018.03.27-04.05.26:188][ 83]LogLoad: Game class is 'FirstPersonGameMode_C'
[2018.03.27-04.05.26:190][ 83]LogWorld: Bringing World /Game/FirstPersonBP/Maps/UEDPIE_0_FirstPersonExampleMap.FirstPersonExampleMap up for play (max tick rate 0) at 2018.03.26-21.05.26
[2018.03.27-04.05.26:191][ 83]LogWorld: Bringing up level for play took: 0.002273
[2018.03.27-04.05.26:192][ 83]PIE: Play in editor start time for /Game/FirstPersonBP/Maps/UEDPIE_0_FirstPersonExampleMap -0.461
[2018.03.27-04.05.26:192][ 83]LogBlueprintUserMessages: Late PlayInEditor Detection: Level '/Game/FirstPersonBP/Maps/FirstPersonExampleMap.FirstPersonExampleMap:PersistentLevel' has LevelScriptBlueprint '/Game/FirstPersonBP/Maps/FirstPersonExampleMap.FirstPersonExampleMap:PersistentLevel.FirstPersonExampleMap' with GeneratedClass '/Game/FirstPersonBP/Maps/FirstPersonExampleMap.FirstPersonExampleMap_C' with ClassGeneratedBy '/Game/FirstPersonBP/Maps/FirstPersonExampleMap.FirstPersonExampleMap:PersistentLevel.FirstPersonExampleMap'
[2018.03.27-04.05.44:384][694]LogBlueprintUserMessages: Early EndPlayMap Detection: Level '/Game/FirstPersonBP/Maps/FirstPersonExampleMap.FirstPersonExampleMap:PersistentLevel' has LevelScriptBlueprint '/Game/FirstPersonBP/Maps/FirstPersonExampleMap.FirstPersonExampleMap:PersistentLevel.FirstPersonExampleMap' with GeneratedClass '/Game/FirstPersonBP/Maps/FirstPersonExampleMap.FirstPersonExampleMap_C' with ClassGeneratedBy '/Game/FirstPersonBP/Maps/FirstPersonExampleMap.FirstPersonExampleMap:PersistentLevel.FirstPersonExampleMap'
[2018.03.27-04.05.44:428][694]LogBlueprintUserMessages: Late EndPlayMap Detection: Level '/Game/FirstPersonBP/Maps/FirstPersonExampleMap.FirstPersonExampleMap:PersistentLevel' has LevelScriptBlueprint '/Game/FirstPersonBP/Maps/FirstPersonExampleMap.FirstPersonExampleMap:PersistentLevel.FirstPersonExampleMap' with GeneratedClass '/Game/FirstPersonBP/Maps/FirstPersonExampleMap.FirstPersonExampleMap_C' with ClassGeneratedBy '/Game/FirstPersonBP/Maps/FirstPersonExampleMap.FirstPersonExampleMap:PersistentLevel.FirstPersonExampleMap'
[2018.03.27-04.05.46:246][836]LogSlate: FSceneViewport::OnFocusLost() reason 0
[2018.03.27-04.06.09:302][715]LogSlate: Prevented a slow task dialog from being summoned while a context menu was open
[2018.03.27-04.06.11:251][830]BlueprintLog: New page: Compile FirstPersonCharacter
[2018.03.27-04.06.13:686][951]LogTemp: Repeating last play command: Selected Viewport
[2018.03.27-04.06.13:747][951]LogBlueprintUserMessages: Early PlayInEditor Detection: Level '/Game/FirstPersonBP/Maps/FirstPersonExampleMap.FirstPersonExampleMap:PersistentLevel' has LevelScriptBlueprint '/Game/FirstPersonBP/Maps/FirstPersonExampleMap.FirstPersonExampleMap:PersistentLevel.FirstPersonExampleMap' with GeneratedClass '/Game/FirstPersonBP/Maps/FirstPersonExampleMap.FirstPersonExampleMap_C' with ClassGeneratedBy '/Game/FirstPersonBP/Maps/FirstPersonExampleMap.FirstPersonExampleMap:PersistentLevel.FirstPersonExampleMap'
[2018.03.27-04.06.13:747][951]BlueprintLog: New page: Pre-Play auto-recompile
[2018.03.27-04.06.13:750][951]LogPlayLevel: [PlayLevel] Compiling Blink before play...
[2018.03.27-04.06.13:954][951]LogPlayLevel: PlayLevel: Blueprint regeneration took 206 ms (1 blueprints)
[2018.03.27-04.06.13:954][951]PIE: New page: PIE session: FirstPersonExampleMap (Mar 26, 2018, 2:06:13 PM)
[2018.03.27-04.06.13:954][951]LogPlayLevel: Creating play world package: /Game/FirstPersonBP/Maps/UEDPIE_0_FirstPersonExampleMap
[2018.03.27-04.06.13:976][951]LogPlayLevel: PIE: StaticDuplicateObject took: (0.021180s)
[2018.03.27-04.06.13:976][951]LogAIModule: Creating AISystem for world FirstPersonExampleMap
[2018.03.27-04.06.13:977][951]LogPlayLevel: PIE: World Init took: (0.000902s)
[2018.03.27-04.06.13:977][951]LogPlayLevel: PIE: Created PIE world by copying editor world from /Game/FirstPersonBP/Maps/FirstPersonExampleMap.FirstPersonExampleMap to /Game/FirstPersonBP/Maps/UEDPIE_0_FirstPersonExampleMap.FirstPersonExampleMap (0.022260s)
[2018.03.27-04.06.14:008][951]LogInit: XAudio2 using 'Headset Earphone (3- Razer ManO'War)' : 2 channels at 48 kHz using 16 bits per sample (channel mask 0x3)
[2018.03.27-04.06.14:039][951]LogInit: FAudioDevice initialized.
[2018.03.27-04.06.14:075][951]LogLoad: Game class is 'FirstPersonGameMode_C'
[2018.03.27-04.06.14:077][951]LogWorld: Bringing World /Game/FirstPersonBP/Maps/UEDPIE_0_FirstPersonExampleMap.FirstPersonExampleMap up for play (max tick rate 0) at 2018.03.26-21.06.14
[2018.03.27-04.06.14:077][951]LogWorld: Bringing up level for play took: 0.001884
[2018.03.27-04.06.14:078][951]PIE: Play in editor start time for /Game/FirstPersonBP/Maps/UEDPIE_0_FirstPersonExampleMap -0.575
[2018.03.27-04.06.14:079][951]LogBlueprintUserMessages: Late PlayInEditor Detection: Level '/Game/FirstPersonBP/Maps/FirstPersonExampleMap.FirstPersonExampleMap:PersistentLevel' has LevelScriptBlueprint '/Game/FirstPersonBP/Maps/FirstPersonExampleMap.FirstPersonExampleMap:PersistentLevel.FirstPersonExampleMap' with GeneratedClass '/Game/FirstPersonBP/Maps/FirstPersonExampleMap.FirstPersonExampleMap_C' with ClassGeneratedBy '/Game/FirstPersonBP/Maps/FirstPersonExampleMap.FirstPersonExampleMap:PersistentLevel.FirstPersonExampleMap'
[2018.03.27-04.06.27:831][207]LogBlueprintUserMessages: Early EndPlayMap Detection: Level '/Game/FirstPersonBP/Maps/FirstPersonExampleMap.FirstPersonExampleMap:PersistentLevel' has LevelScriptBlueprint '/Game/FirstPersonBP/Maps/FirstPersonExampleMap.FirstPersonExampleMap:PersistentLevel.FirstPersonExampleMap' with GeneratedClass '/Game/FirstPersonBP/Maps/FirstPersonExampleMap.FirstPersonExampleMap_C' with ClassGeneratedBy '/Game/FirstPersonBP/Maps/FirstPersonExampleMap.FirstPersonExampleMap:PersistentLevel.FirstPersonExampleMap'
[2018.03.27-04.06.27:871][207]LogBlueprintUserMessages: Late EndPlayMap Detection: Level '/Game/FirstPersonBP/Maps/FirstPersonExampleMap.FirstPersonExampleMap:PersistentLevel' has LevelScriptBlueprint '/Game/FirstPersonBP/Maps/FirstPersonExampleMap.FirstPersonExampleMap:PersistentLevel.FirstPersonExampleMap' with GeneratedClass '/Game/FirstPersonBP/Maps/FirstPersonExampleMap.FirstPersonExampleMap_C' with ClassGeneratedBy '/Game/FirstPersonBP/Maps/FirstPersonExampleMap.FirstPersonExampleMap:PersistentLevel.FirstPersonExampleMap'
[2018.03.27-04.06.28:883][282]LogSlate: FSceneViewport::OnFocusLost() reason 0
[2018.03.27-04.08.31:200][616]BlueprintLog: New page: Compile SCP-173
[2018.03.27-04.10.56:147][ 95]BlueprintLog: New page: Compile FirstPersonCharacter
[2018.03.27-04.12.18:302][906]BlueprintLog: New page: Compile SCP-173
[2018.03.27-04.13.09:812][422]LogSavePackage: Save=162.07ms
[2018.03.27-04.13.09:812][422]LogSavePackage: Moving '../../../../../../Users/Gavin/Documents/Unreal Projects/anubisProject 4.19/Saved/FirstPersonExampleMap0A6DDC1C44DD342F17934F961A6D9AE6.tmp' to '../../../../../../Users/Gavin/Documents/Unreal Projects/anubisProject 4.19/Content/FirstPersonBP/Maps/FirstPersonExampleMap.umap'
[2018.03.27-04.13.09:914][422]LogSavePackage: Display: Finished SavePackage ../../../../../../Users/Gavin/Documents/Unreal Projects/anubisProject 4.19/Content/FirstPersonBP/Maps/FirstPersonExampleMap.umap
[2018.03.27-04.13.11:522][422]LogSavePackage: Save=1551.63ms
[2018.03.27-04.13.11:522][422]LogSavePackage: Moving '../../../../../../Users/Gavin/Documents/Unreal Projects/anubisProject 4.19/Saved/FirstPersonExampleMap_BuiltData7D09A90E495116BE2223E7A7E1D1562A.tmp' to '../../../../../../Users/Gavin/Documents/Unreal Projects/anubisProject 4.19/Content/FirstPersonBP/Maps/FirstPersonExampleMap_BuiltData.uasset'
[2018.03.27-04.13.11:525][422]LogSavePackage: Display: Finished SavePackage ../../../../../../Users/Gavin/Documents/Unreal Projects/anubisProject 4.19/Content/FirstPersonBP/Maps/FirstPersonExampleMap_BuiltData.uasset
